Warning: Total length (1316) exceeds 1024 tokens.
Error type: IndexError
Error message: list index out of range
Traceback:

------------------------------------------------------------
Sender: LSF System <lsfadmin@cccxc431.pok.ibm.com>
Subject: Job 4846051: <python /dccstor/autofair/busekorkmaz/factual-bias-mitigation/scripts/summarization/models.py> in cluster <cccCluster> Done

Job <python /dccstor/autofair/busekorkmaz/factual-bias-mitigation/scripts/summarization/models.py> was submitted from host <cccxl012> by user <busekorkmaz> in cluster <cccCluster> at Tue Sep  3 05:50:03 2024
Job was executed on host(s) <4*cccxc431>, in queue <x86_6h>, as user <busekorkmaz> in cluster <cccCluster> at Tue Sep  3 05:50:04 2024
</u/busekorkmaz> was used as the home directory.
</dccstor/autofair/busekorkmaz/factual-bias-mitigation> was used as the working directory.
Started at Tue Sep  3 05:50:04 2024
Terminated at Tue Sep  3 05:51:18 2024
Results reported at Tue Sep  3 05:51:18 2024

Your job looked like:

------------------------------------------------------------
# LSBATCH: User input
python /dccstor/autofair/busekorkmaz/factual-bias-mitigation/scripts/summarization/models.py
------------------------------------------------------------

Successfully completed.

Resource usage summary:

    CPU time :                                   39.39 sec.
    Max Memory :                                 1661 MB
    Average Memory :                             814.67 MB
    Total Requested Memory :                     45056.00 MB
    Delta Memory :                               43395.00 MB
    Max Swap :                                   -
    Max Processes :                              3
    Max Threads :                                18
    Run time :                                   72 sec.
    Turnaround time :                            75 sec.

The output (if any) is above this job summary.



PS:

Read file </dccstor/autofair/busekorkmaz/factual-bias-mitigation/scripts/summarization/output/logs/missing_models/error.log> for stderr output of this job.

