Using device: cuda
Loading translation models...
Processing test data...
Saving augmented test data...
Augmented test data saved to /dccstor/autofair/busekorkmaz/factual-bias-mitigation/data/tldr/pos_bt/test.source and /dccstor/autofair/busekorkmaz/factual-bias-mitigation/data/tldr/pos_bt/test.target
Processing validation data...
Saving augmented validation data...
Augmented validation data saved to /dccstor/autofair/busekorkmaz/factual-bias-mitigation/data/tldr/pos_bt/validation.source and /dccstor/autofair/busekorkmaz/factual-bias-mitigation/data/tldr/pos_bt/validation.target
Augmentation complete.

------------------------------------------------------------
Sender: LSF System <lsfadmin@cccxc447.pok.ibm.com>
Subject: Job 132993: <python /dccstor/autofair/busekorkmaz/factual-bias-mitigation/scripts/data/cda/positive_bt.py --input_dir /dccstor/autofair/busekorkmaz/factual-bias-mitigation/data/tldr/pos --output_dir /dccstor/autofair/busekorkmaz/factual-bias-mitigation/data/tldr/pos_bt> in cluster <cccCluster> Done

Job <python /dccstor/autofair/busekorkmaz/factual-bias-mitigation/scripts/data/cda/positive_bt.py --input_dir /dccstor/autofair/busekorkmaz/factual-bias-mitigation/data/tldr/pos --output_dir /dccstor/autofair/busekorkmaz/factual-bias-mitigation/data/tldr/pos_bt> was submitted from host <cccxl012> by user <busekorkmaz> in cluster <cccCluster> at Tue Sep 17 05:26:07 2024
Job was executed on host(s) <4*cccxc447>, in queue <x86_6h>, as user <busekorkmaz> in cluster <cccCluster> at Tue Sep 17 05:26:08 2024
</u/busekorkmaz> was used as the home directory.
</dccstor/autofair/busekorkmaz/factual-bias-mitigation> was used as the working directory.
Started at Tue Sep 17 05:26:08 2024
Terminated at Tue Sep 17 07:08:15 2024
Results reported at Tue Sep 17 07:08:15 2024

Your job looked like:

------------------------------------------------------------
# LSBATCH: User input
python /dccstor/autofair/busekorkmaz/factual-bias-mitigation/scripts/data/cda/positive_bt.py --input_dir /dccstor/autofair/busekorkmaz/factual-bias-mitigation/data/tldr/pos --output_dir /dccstor/autofair/busekorkmaz/factual-bias-mitigation/data/tldr/pos_bt
------------------------------------------------------------

Successfully completed.

Resource usage summary:

    CPU time :                                   6192.03 sec.
    Max Memory :                                 2155 MB
    Average Memory :                             1553.71 MB
    Total Requested Memory :                     45056.00 MB
    Delta Memory :                               42901.00 MB
    Max Swap :                                   -
    Max Processes :                              3
    Max Threads :                                13
    Run time :                                   6127 sec.
    Turnaround time :                            6128 sec.

The output (if any) is above this job summary.



PS:

Read file </dccstor/autofair/busekorkmaz/factual-bias-mitigation/scripts/summarization/output/logs/train/pos_aug/error.log> for stderr output of this job.

