IndexError in SummaC for source: How do you draft a 360 card, multiplayer cube with... and target: ...
IndexError in SummaC for source: I'm a rookie high school newspaper advisor that ne... and target: ...
IndexError in SummaC for source: Fat ass, thick thighs, and big balls. Need somethi... and target: ...
IndexError in SummaC for source: I need more info on specific guidelines on losing ... and target: ...
IndexError in SummaC for source: on.... and target: ...
IndexError in SummaC for source: Medicaid expansion decisions aren't about politica... and target: ...
IndexError in SummaC for source: People died needlessly because a director was an i... and target: ...
IndexError in SummaC for source: recommend centralized storage solution for a tiny ... and target: ...
IndexError in SummaC for source: Isolated" for 3 years and a strong social anxiety,... and target: ...
IndexError in SummaC for source: We're not millionaires but at least we work with a... and target: ...
IndexError in SummaC for source: PS3 headphones are cracking above earpieces on bot... and target: ...
IndexError in SummaC for source: when you fart underwater, it's like your butt hole... and target: ...
IndexError in SummaC for source: Messaging app very delayed in sending and receivin... and target: ...
IndexError in SummaC for source: I messed up three colleges' applications by repeat... and target: ...
IndexError in SummaC for source: Gene himself had envisioned the Federation by the ... and target: ...
IndexError in SummaC for source: We don't hate the rich, and the reasoning behind t... and target: ...
IndexError in SummaC for source: Remover the ability for 4 people to q up together ... and target: ...
IndexError in SummaC for source: The idea of dictatorship is as old as humanity and... and target: ...
IndexError in SummaC for source: version of my question is this: What effect would ... and target: ...
IndexError in SummaC for source: play safe, never take risks, keep buying items, do... and target: ...
IndexError in SummaC for source: hit it up with girl at party, got good signs, when... and target: ...
IndexError in SummaC for source: The coonspiracy runs deeper than you realize. 
 Ed... and target: ...
IndexError in SummaC for source: What if the number from Finch's substitute teacher... and target: ...
IndexError in SummaC for source: I hate seeing myself in public (ie. by mirrors, ph... and target: ...
IndexError in SummaC for source: using ctrl+c on a timer to keep track of it as gam... and target: ...
IndexError in SummaC for source: The image is telling the truth, but there's no kno... and target: ...
IndexError in SummaC for source: You will have a double whammy of increasing book v... and target: ...
IndexError in SummaC for source: Best friend has been showing attraction multiple t... and target: ...
IndexError in SummaC for source: play bots with me, i like support heroes with tits... and target: ...
IndexError in SummaC for source: College isn't about learning stuff, it's about lea... and target: ...

------------------------------------------------------------
Sender: LSF System <lsfadmin@cccxc409.pok.ibm.com>
Subject: Job 7802: <python /dccstor/autofair/busekorkmaz/factual-bias-mitigation/scripts/summarization/evaluate.py --model_name inlp-gender> in cluster <cccCluster> Done

Job <python /dccstor/autofair/busekorkmaz/factual-bias-mitigation/scripts/summarization/evaluate.py --model_name inlp-gender> was submitted from host <cccxl012> by user <busekorkmaz> in cluster <cccCluster> at Mon Sep  9 17:00:52 2024
Job was executed on host(s) <4*cccxc409>, in queue <x86_6h>, as user <busekorkmaz> in cluster <cccCluster> at Mon Sep  9 17:00:54 2024
</u/busekorkmaz> was used as the home directory.
</dccstor/autofair/busekorkmaz/factual-bias-mitigation> was used as the working directory.
Started at Mon Sep  9 17:00:54 2024
Terminated at Mon Sep  9 17:52:13 2024
Results reported at Mon Sep  9 17:52:13 2024

Your job looked like:

------------------------------------------------------------
# LSBATCH: User input
python /dccstor/autofair/busekorkmaz/factual-bias-mitigation/scripts/summarization/evaluate.py --model_name inlp-gender
------------------------------------------------------------

Successfully completed.

Resource usage summary:

    CPU time :                                   3045.67 sec.
    Max Memory :                                 1736 MB
    Average Memory :                             948.30 MB
    Total Requested Memory :                     45056.00 MB
    Delta Memory :                               43320.00 MB
    Max Swap :                                   -
    Max Processes :                              3
    Max Threads :                                18
    Run time :                                   3078 sec.
    Turnaround time :                            3081 sec.

The output (if any) is above this job summary.



PS:

Read file </dccstor/autofair/busekorkmaz/factual-bias-mitigation/scripts/summarization/output/logs/inlp-gender/error.log> for stderr output of this job.

