
------------------------------------------------------------
Sender: LSF System <lsfadmin@cccxc404.pok.ibm.com>
Subject: Job 112299: <python /dccstor/autofair/busekorkmaz/factual-bias-mitigation/scripts/data/cda/neg_aug.py> in cluster <cccCluster> Done

Job <python /dccstor/autofair/busekorkmaz/factual-bias-mitigation/scripts/data/cda/neg_aug.py> was submitted from host <cccxl012> by user <busekorkmaz> in cluster <cccCluster> at Mon Sep 16 11:21:19 2024
Job was executed on host(s) <4*cccxc404>, in queue <x86_6h>, as user <busekorkmaz> in cluster <cccCluster> at Mon Sep 16 11:21:21 2024
</u/busekorkmaz> was used as the home directory.
</dccstor/autofair/busekorkmaz/factual-bias-mitigation> was used as the working directory.
Started at Mon Sep 16 11:21:21 2024
Terminated at Mon Sep 16 11:31:33 2024
Results reported at Mon Sep 16 11:31:33 2024

Your job looked like:

------------------------------------------------------------
# LSBATCH: User input
python /dccstor/autofair/busekorkmaz/factual-bias-mitigation/scripts/data/cda/neg_aug.py
------------------------------------------------------------

Successfully completed.

Resource usage summary:

    CPU time :                                   423.28 sec.
    Max Memory :                                 714 MB
    Average Memory :                             468.50 MB
    Total Requested Memory :                     45056.00 MB
    Delta Memory :                               44342.00 MB
    Max Swap :                                   -
    Max Processes :                              3
    Max Threads :                                13
    Run time :                                   613 sec.
    Turnaround time :                            614 sec.

The output (if any) is above this job summary.



PS:

Read file </dccstor/autofair/busekorkmaz/factual-bias-mitigation/scripts/summarization/output/logs/train/neg_aug/error.log> for stderr output of this job.

