Data processing and saving completed.

------------------------------------------------------------
Sender: LSF System <lsfadmin@cccxc403.pok.ibm.com>
Subject: Job 104727: <python /dccstor/autofair/busekorkmaz/factual-bias-mitigation/scripts/data/cda/filter_pos_neg.py> in cluster <cccCluster> Done

Job <python /dccstor/autofair/busekorkmaz/factual-bias-mitigation/scripts/data/cda/filter_pos_neg.py> was submitted from host <cccxl012> by user <busekorkmaz> in cluster <cccCluster> at Mon Sep 16 07:31:33 2024
Job was executed on host(s) <4*cccxc403>, in queue <x86_1h>, as user <busekorkmaz> in cluster <cccCluster> at Mon Sep 16 07:31:33 2024
</u/busekorkmaz> was used as the home directory.
</dccstor/autofair/busekorkmaz> was used as the working directory.
Started at Mon Sep 16 07:31:33 2024
Terminated at Mon Sep 16 07:31:40 2024
Results reported at Mon Sep 16 07:31:40 2024

Your job looked like:

------------------------------------------------------------
# LSBATCH: User input
python /dccstor/autofair/busekorkmaz/factual-bias-mitigation/scripts/data/cda/filter_pos_neg.py
------------------------------------------------------------

Successfully completed.

Resource usage summary:

    CPU time :                                   3.52 sec.
    Max Memory :                                 20 MB
    Average Memory :                             20.00 MB
    Total Requested Memory :                     45056.00 MB
    Delta Memory :                               45036.00 MB
    Max Swap :                                   -
    Max Processes :                              3
    Max Threads :                                7
    Run time :                                   7 sec.
    Turnaround time :                            7 sec.

The output (if any) is above this job summary.



PS:

Read file </dccstor/autofair/busekorkmaz/factual-bias-mitigation/scripts/summarization/output/logs/train/filter_data/error.log> for stderr output of this job.

