Epoch 0: GPU memory allocated: 9.84 GB
GPU memory reserved: 14.10 GB
Epoch 1: GPU memory allocated: 47.27 GB
GPU memory reserved: 63.90 GB
Epoch 2: GPU memory allocated: 47.27 GB
GPU memory reserved: 63.90 GB
Epoch 3: GPU memory allocated: 47.27 GB
GPU memory reserved: 63.90 GB
Epoch 4: GPU memory allocated: 47.27 GB
GPU memory reserved: 63.90 GB
Epoch 5: GPU memory allocated: 47.27 GB
GPU memory reserved: 63.90 GB
Epoch 6: GPU memory allocated: 47.27 GB
GPU memory reserved: 63.90 GB
Epoch 7: GPU memory allocated: 47.27 GB
GPU memory reserved: 63.90 GB
Epoch 8: GPU memory allocated: 47.27 GB
GPU memory reserved: 63.90 GB
Epoch 9: GPU memory allocated: 47.27 GB
GPU memory reserved: 63.90 GB
Epoch 10: GPU memory allocated: 47.27 GB
GPU memory reserved: 63.90 GB
Epoch 11: GPU memory allocated: 47.27 GB
GPU memory reserved: 63.90 GB
Epoch 12: GPU memory allocated: 47.27 GB
GPU memory reserved: 63.90 GB
Epoch 13: GPU memory allocated: 47.27 GB
GPU memory reserved: 63.90 GB
Epoch 14: GPU memory allocated: 47.27 GB
GPU memory reserved: 63.90 GB

------------------------------------------------------------
Sender: LSF System <lsfadmin@cccxc550.pok.ibm.com>
Subject: Job 112883: <python /dccstor/autofair/busekorkmaz/factual-bias-mitigation/scripts/summarization/train.py --pos_data original --neg_data original> in cluster <cccCluster> Exited

Job <python /dccstor/autofair/busekorkmaz/factual-bias-mitigation/scripts/summarization/train.py --pos_data original --neg_data original> was submitted from host <cccxl012> by user <busekorkmaz> in cluster <cccCluster> at Mon Sep 16 11:51:45 2024
Job was executed on host(s) <4*cccxc550>, in queue <x86_1h>, as user <busekorkmaz> in cluster <cccCluster> at Mon Sep 16 12:00:30 2024
</u/busekorkmaz> was used as the home directory.
</dccstor/autofair/busekorkmaz/factual-bias-mitigation> was used as the working directory.
Started at Mon Sep 16 12:00:30 2024
Terminated at Mon Sep 16 13:00:35 2024
Results reported at Mon Sep 16 13:00:35 2024

Your job looked like:

------------------------------------------------------------
# LSBATCH: User input
python /dccstor/autofair/busekorkmaz/factual-bias-mitigation/scripts/summarization/train.py --pos_data original --neg_data original
------------------------------------------------------------

TERM_RUNLIMIT: job killed after reaching LSF run time limit.
Exited with exit code 140.

Resource usage summary:

    CPU time :                                   3629.00 sec.
    Max Memory :                                 1853 MB
    Average Memory :                             1678.24 MB
    Total Requested Memory :                     90112.00 MB
    Delta Memory :                               88259.00 MB
    Max Swap :                                   2 MB
    Max Processes :                              5
    Max Threads :                                55
    Run time :                                   3605 sec.
    Turnaround time :                            4130 sec.

The output (if any) is above this job summary.



PS:

Read file </dccstor/autofair/busekorkmaz/factual-bias-mitigation/scripts/summarization/output/logs/train/pos_original_neg_original/error.log> for stderr output of this job.

