IndexError in SummaC for source: Will I see a downgrade in quality and robustness b... and target: ...
IndexError in SummaC for source: Sick New Era cap that closely replicates the BP ca... and target: ...
IndexError in SummaC for source: clusterfuck history, and terrified.... and target: ...
IndexError in SummaC for source: Every boss has crit damage, find it. Shoot it. Red... and target: ...
IndexError in SummaC for source: We broke up on good terms. She recognized she was ... and target: ...
IndexError in SummaC for source: In a photo, an isolated buzzsaw looks just like a ... and target: ...
IndexError in SummaC for source: I got my pack in <5 days to the US. I got the exac... and target: ...
IndexError in SummaC for source: 2 turn conclusion to Mad King Gangrel chapter. ^_^... and target: ...
IndexError in SummaC for source: your cat wants in to check up on that part of her ... and target: ...
IndexError in SummaC for source: By breaking your work down into tiny pieces that y... and target: ...
IndexError in SummaC for source: Read the post. Become the best you can be. Be happ... and target: ...
IndexError in SummaC for source: If semblances are indeed tied to a character's per... and target: ...
IndexError in SummaC for source: Stop making enemies on the internet. Make friends ... and target: ...
IndexError in SummaC for source: play safe, never take risks, keep buying items, do... and target: ...
IndexError in SummaC for source: If your mom likes it, it sucks. So says hardcore r... and target: ...
IndexError in SummaC for source: hooked up with girl twice and texts were hot for t... and target: ...
IndexError in SummaC for source: Magic cards require very specific use of language.... and target: ...
IndexError in SummaC for source: Keenan Lewis makes me sad.... and target: ...
IndexError in SummaC for source: Hide eggs in their rooms.... and target: ...
IndexError in SummaC for source: You don't have to be smart or have some innate abi... and target: ...
IndexError in SummaC for source: Put on the song Kush Coma by Danny Brown and spin ... and target: ...
IndexError in SummaC for source: Make a list, check it twice, always do stuff, do y... and target: ...

------------------------------------------------------------
Sender: LSF System <lsfadmin@cccxc443.pok.ibm.com>
Subject: Job 7956: <python /dccstor/autofair/busekorkmaz/factual-bias-mitigation/scripts/summarization/evaluate.py --model_name phi2_dropout> in cluster <cccCluster> Done

Job <python /dccstor/autofair/busekorkmaz/factual-bias-mitigation/scripts/summarization/evaluate.py --model_name phi2_dropout> was submitted from host <cccxl012> by user <busekorkmaz> in cluster <cccCluster> at Mon Sep  9 17:38:06 2024
Job was executed on host(s) <4*cccxc443>, in queue <x86_6h>, as user <busekorkmaz> in cluster <cccCluster> at Mon Sep  9 17:43:29 2024
</u/busekorkmaz> was used as the home directory.
</dccstor/autofair/busekorkmaz/factual-bias-mitigation> was used as the working directory.
Started at Mon Sep  9 17:43:29 2024
Terminated at Mon Sep  9 20:25:44 2024
Results reported at Mon Sep  9 20:25:44 2024

Your job looked like:

------------------------------------------------------------
# LSBATCH: User input
python /dccstor/autofair/busekorkmaz/factual-bias-mitigation/scripts/summarization/evaluate.py --model_name phi2_dropout
------------------------------------------------------------

Successfully completed.

Resource usage summary:

    CPU time :                                   9668.18 sec.
    Max Memory :                                 11143 MB
    Average Memory :                             1010.02 MB
    Total Requested Memory :                     45056.00 MB
    Delta Memory :                               33913.00 MB
    Max Swap :                                   -
    Max Processes :                              3
    Max Threads :                                23
    Run time :                                   9734 sec.
    Turnaround time :                            10058 sec.

The output (if any) is above this job summary.



PS:

Read file </dccstor/autofair/busekorkmaz/factual-bias-mitigation/scripts/summarization/output/logs/phi2_dropout/error.log> for stderr output of this job.

