2024-09-09 17:01:08.606781: I tensorflow/core/util/port.cc:153] oneDNN custom operations are on. You may see slightly different numerical results due to floating-point round-off errors from different computation orders. To turn them off, set the environment variable `TF_ENABLE_ONEDNN_OPTS=0`.
2024-09-09 17:01:09.107436: E external/local_xla/xla/stream_executor/cuda/cuda_fft.cc:485] Unable to register cuFFT factory: Attempting to register factory for plugin cuFFT when one has already been registered
2024-09-09 17:01:09.304695: E external/local_xla/xla/stream_executor/cuda/cuda_dnn.cc:8454] Unable to register cuDNN factory: Attempting to register factory for plugin cuDNN when one has already been registered
2024-09-09 17:01:09.362599: E external/local_xla/xla/stream_executor/cuda/cuda_blas.cc:1452] Unable to register cuBLAS factory: Attempting to register factory for plugin cuBLAS when one has already been registered
2024-09-09 17:01:09.705938: I tensorflow/core/platform/cpu_feature_guard.cc:210] This TensorFlow binary is optimized to use available CPU instructions in performance-critical operations.
To enable the following instructions: AVX2 AVX512F AVX512_VNNI FMA, in other operations, rebuild TensorFlow with the appropriate compiler flags.
2024-09-09 17:01:14.429698: W tensorflow/compiler/tf2tensorrt/utils/py_utils.cc:38] TF-TRT Warning: Could not find TensorRT
2024-09-09 17:01:30,352 - INFO - Processing model: original
Processing original:   0%|          | 0/3000 [00:00<?, ?it/s]2024-09-09 17:01:30,360 - INFO - Sample 0 - Original Summary: Wanted to emulate guitar player from a band I listened to growing up....
2024-09-09 17:01:30,360 - INFO - Sample 0 - Generated Summary: Wanted to emulate guitar player from a band I listened to growing up....
2024-09-09 17:01:30,361 - INFO - Sample 10 - Original Summary: I believe as a group our purpose is to understand what is around us, and to find the answers, as an ...
2024-09-09 17:01:30,361 - INFO - Sample 10 - Generated Summary: I believe as a group our purpose is to understand what is around us, and to find the answers, as an ...
2024-09-09 17:01:30,362 - INFO - Sample 20 - Original Summary: got a false accident charge to my address and a fake name similar to mine, string of emails leads to...
2024-09-09 17:01:30,362 - INFO - Sample 20 - Generated Summary: got a false accident charge to my address and a fake name similar to mine, string of emails leads to...
2024-09-09 17:01:30,363 - INFO - Sample 30 - Original Summary: Got out of a crappy 4 year relationship last year, in a new one for 7 months now and it's a million ...
2024-09-09 17:01:30,363 - INFO - Sample 30 - Generated Summary: Got out of a crappy 4 year relationship last year, in a new one for 7 months now and it's a million ...
2024-09-09 17:01:30,364 - INFO - Sample 40 - Original Summary: A friend told me that while she was blacked out she ended up cheating on her boyfriend. She told him...
2024-09-09 17:01:30,364 - INFO - Sample 40 - Generated Summary: A friend told me that while she was blacked out she ended up cheating on her boyfriend. She told him...
2024-09-09 17:01:30,364 - INFO - Sample 50 - Original Summary: My Organic Chemistry Textbook has a Question that tells you how to synthesize Meth. 
 edit: I made a...
2024-09-09 17:01:30,364 - INFO - Sample 50 - Generated Summary: My Organic Chemistry Textbook has a Question that tells you how to synthesize Meth. 
 edit: I made a...
2024-09-09 17:01:30,365 - INFO - Sample 60 - Original Summary: Girlfriend doesnt seem like girlfriend anymore, putting her friend she meeta everyday ahead of me....
2024-09-09 17:01:30,365 - INFO - Sample 60 - Generated Summary: Girlfriend doesnt seem like girlfriend anymore, putting her friend she meeta everyday ahead of me....
2024-09-09 17:01:30,366 - INFO - Sample 70 - Original Summary: Very good friendship I had with someone has gone sour over something I said. Just need help on what ...
2024-09-09 17:01:30,366 - INFO - Sample 70 - Generated Summary: Very good friendship I had with someone has gone sour over something I said. Just need help on what ...
2024-09-09 17:01:30,368 - INFO - Sample 80 - Original Summary: Your hormones spike, or you got your first boner while reading about accounting. Or both....
2024-09-09 17:01:30,368 - INFO - Sample 80 - Generated Summary: Your hormones spike, or you got your first boner while reading about accounting. Or both....
2024-09-09 17:01:30,369 - INFO - Sample 90 - Original Summary: Why all this clamouring, all over a word? "Marriage" is a word to many people, and if it is the same...
2024-09-09 17:01:30,369 - INFO - Sample 90 - Generated Summary: Why all this clamouring, all over a word? "Marriage" is a word to many people, and if it is the same...
2024-09-09 17:01:30,370 - INFO - Sample 100 - Original Summary: BFF left her ex and basically left me in the process. I'm hurt and don't know what to do about it....
2024-09-09 17:01:30,370 - INFO - Sample 100 - Generated Summary: BFF left her ex and basically left me in the process. I'm hurt and don't know what to do about it....
2024-09-09 17:01:30,371 - INFO - Sample 110 - Original Summary: Friend just discovered chickflixxx, welcome her with linkage!...
2024-09-09 17:01:30,371 - INFO - Sample 110 - Generated Summary: Friend just discovered chickflixxx, welcome her with linkage!...
2024-09-09 17:01:30,373 - INFO - Sample 120 - Original Summary: It's been 6 months since my 7 year relationship ended. I've been thinking a lot about her these past...
2024-09-09 17:01:30,373 - INFO - Sample 120 - Generated Summary: It's been 6 months since my 7 year relationship ended. I've been thinking a lot about her these past...
2024-09-09 17:01:30,382 - INFO - Sample 130 - Original Summary: It's 6 in the morning. Tired ramblings of a Faroese guy, not worth reading....
2024-09-09 17:01:30,383 - INFO - Sample 130 - Generated Summary: It's 6 in the morning. Tired ramblings of a Faroese guy, not worth reading....
2024-09-09 17:01:30,383 - INFO - Sample 140 - Original Summary: Most of the slaves were foreigners captured in war who could be abused and served for life, like you...
2024-09-09 17:01:30,383 - INFO - Sample 140 - Generated Summary: Most of the slaves were foreigners captured in war who could be abused and served for life, like you...
2024-09-09 17:01:30,384 - INFO - Sample 150 - Original Summary: I'm looking for some people to live with next year!...
2024-09-09 17:01:30,384 - INFO - Sample 150 - Generated Summary: I'm looking for some people to live with next year!...
2024-09-09 17:01:30,385 - INFO - Sample 160 - Original Summary: looking forward to februrary!...
2024-09-09 17:01:30,385 - INFO - Sample 160 - Generated Summary: looking forward to februrary!...
2024-09-09 17:01:30,386 - INFO - Sample 170 - Original Summary: Until you kill off your student loan debt, driver a paid for car it can really help your monthly cas...
2024-09-09 17:01:30,386 - INFO - Sample 170 - Generated Summary: Until you kill off your student loan debt, driver a paid for car it can really help your monthly cas...
2024-09-09 17:01:30,387 - INFO - Sample 180 - Original Summary: Girl I love is moving away, should I wait till she comes back?...
2024-09-09 17:01:30,387 - INFO - Sample 180 - Generated Summary: Girl I love is moving away, should I wait till she comes back?...
2024-09-09 17:01:30,387 - INFO - Sample 190 - Original Summary: yesterday I had nine dogs, today I have five. what a weird feeling....
2024-09-09 17:01:30,387 - INFO - Sample 190 - Generated Summary: yesterday I had nine dogs, today I have five. what a weird feeling....
2024-09-09 17:01:30,388 - INFO - Sample 200 - Original Summary: Tried polyamory and accidentally invited a dude who fancied me into my bed, was too non-confrontatio...
2024-09-09 17:01:30,388 - INFO - Sample 200 - Generated Summary: Tried polyamory and accidentally invited a dude who fancied me into my bed, was too non-confrontatio...
2024-09-09 17:01:30,389 - INFO - Sample 210 - Original Summary: we left it there to troll our friends.  It was successful....
2024-09-09 17:01:30,389 - INFO - Sample 210 - Generated Summary: we left it there to troll our friends.  It was successful....
2024-09-09 17:01:30,390 - INFO - Sample 220 - Original Summary: Broke up, felt like I made a mistake, he kissed me, somewhat together again, but think I was right t...
2024-09-09 17:01:30,390 - INFO - Sample 220 - Generated Summary: Broke up, felt like I made a mistake, he kissed me, somewhat together again, but think I was right t...
2024-09-09 17:01:30,391 - INFO - Sample 230 - Original Summary: my gf said to her best friend in private she felt butterflies after snapchatting with her ex...
2024-09-09 17:01:30,391 - INFO - Sample 230 - Generated Summary: my gf said to her best friend in private she felt butterflies after snapchatting with her ex...
2024-09-09 17:01:30,391 - INFO - Sample 240 - Original Summary: black spots = visit doctor...
2024-09-09 17:01:30,391 - INFO - Sample 240 - Generated Summary: black spots = visit doctor...
2024-09-09 17:01:30,392 - INFO - Sample 250 - Original Summary: use AK, M4;
always spray;
stop worrying about raw aim...
2024-09-09 17:01:30,392 - INFO - Sample 250 - Generated Summary: use AK, M4;
always spray;
stop worrying about raw aim...
2024-09-09 17:01:30,393 - INFO - Sample 260 - Original Summary: ghettos suck....
2024-09-09 17:01:30,393 - INFO - Sample 260 - Generated Summary: ghettos suck....
2024-09-09 17:01:30,399 - INFO - Sample 270 - Original Summary: Roast RD, captain almost sees, comes back when making bombs, two people roasting....
2024-09-09 17:01:30,399 - INFO - Sample 270 - Generated Summary: Roast RD, captain almost sees, comes back when making bombs, two people roasting....
2024-09-09 17:01:30,400 - INFO - Sample 280 - Original Summary: conservative legality is bad, mmmkay?...
2024-09-09 17:01:30,400 - INFO - Sample 280 - Generated Summary: conservative legality is bad, mmmkay?...
2024-09-09 17:01:30,404 - INFO - Sample 290 - Original Summary: My dad was Van Wilder with a wisconsin accent....
2024-09-09 17:01:30,404 - INFO - Sample 290 - Generated Summary: My dad was Van Wilder with a wisconsin accent....
2024-09-09 17:01:30,405 - INFO - Sample 300 - Original Summary: Support Nunu superior to top lane nunu. Jax > Nunu in lane and teamfights...
2024-09-09 17:01:30,405 - INFO - Sample 300 - Generated Summary: Support Nunu superior to top lane nunu. Jax > Nunu in lane and teamfights...
2024-09-09 17:01:30,406 - INFO - Sample 310 - Original Summary: I bought a lot of games that i don't play...
2024-09-09 17:01:30,406 - INFO - Sample 310 - Generated Summary: I bought a lot of games that i don't play...
2024-09-09 17:01:30,406 - INFO - Sample 320 - Original Summary: 4 man premades caused a punish decision in my tribunal case despite there being no reason to report....
2024-09-09 17:01:30,406 - INFO - Sample 320 - Generated Summary: 4 man premades caused a punish decision in my tribunal case despite there being no reason to report....
2024-09-09 17:01:30,407 - INFO - Sample 330 - Original Summary: dislocated ankle away from work. Boss got mad...
2024-09-09 17:01:30,408 - INFO - Sample 330 - Generated Summary: dislocated ankle away from work. Boss got mad...
2024-09-09 17:01:30,408 - INFO - Sample 340 - Original Summary: The issue was traffic, not trafficking....
2024-09-09 17:01:30,408 - INFO - Sample 340 - Generated Summary: The issue was traffic, not trafficking....
2024-09-09 17:01:30,409 - INFO - Sample 350 - Original Summary: Sexy Asian Twins, thought I had no chance, thought I had a threesome lined up, didn't, slept with th...
2024-09-09 17:01:30,409 - INFO - Sample 350 - Generated Summary: Sexy Asian Twins, thought I had no chance, thought I had a threesome lined up, didn't, slept with th...
2024-09-09 17:01:30,410 - INFO - Sample 360 - Original Summary: everything you said can be easily disproven with a 10 second google search so I wouldn't be surprise...
2024-09-09 17:01:30,410 - INFO - Sample 360 - Generated Summary: everything you said can be easily disproven with a 10 second google search so I wouldn't be surprise...
2024-09-09 17:01:30,411 - INFO - Sample 370 - Original Summary: My ISP controls a router for my whole building, says they have all of the ports open that Sony says ...
2024-09-09 17:01:30,411 - INFO - Sample 370 - Generated Summary: My ISP controls a router for my whole building, says they have all of the ports open that Sony says ...
2024-09-09 17:01:30,412 - INFO - Sample 380 - Original Summary: Dude appears to be framed for rape to sell newspapers,  still  blackballed years after his death....
2024-09-09 17:01:30,412 - INFO - Sample 380 - Generated Summary: Dude appears to be framed for rape to sell newspapers,  still  blackballed years after his death....
2024-09-09 17:01:30,413 - INFO - Sample 390 - Original Summary: awesome dogs, loyal, no huge health issues that I know of, also very sweet and cute!...
2024-09-09 17:01:30,413 - INFO - Sample 390 - Generated Summary: awesome dogs, loyal, no huge health issues that I know of, also very sweet and cute!...
2024-09-09 17:01:30,413 - INFO - Sample 400 - Original Summary: Clarity is important.  Retardation is not evolution....
2024-09-09 17:01:30,414 - INFO - Sample 400 - Generated Summary: Clarity is important.  Retardation is not evolution....
2024-09-09 17:01:30,414 - INFO - Sample 410 - Original Summary: My mom has moved me around many times, and hasn't really been there for me. I want to move back to m...
2024-09-09 17:01:30,414 - INFO - Sample 410 - Generated Summary: My mom has moved me around many times, and hasn't really been there for me. I want to move back to m...
2024-09-09 17:01:30,415 - INFO - Sample 420 - Original Summary: you should enjoy what you have now, and then when the time comes that you have to physically separat...
2024-09-09 17:01:30,415 - INFO - Sample 420 - Generated Summary: you should enjoy what you have now, and then when the time comes that you have to physically separat...
2024-09-09 17:01:30,416 - INFO - Sample 430 - Original Summary: Your boyfriend has no idea what he's getting himself into....
2024-09-09 17:01:30,416 - INFO - Sample 430 - Generated Summary: Your boyfriend has no idea what he's getting himself into....
2024-09-09 17:01:30,417 - INFO - Sample 440 - Original Summary: I agree that it's emotion based, it's people capitalising on the low either thinking it'll go up aga...
2024-09-09 17:01:30,417 - INFO - Sample 440 - Generated Summary: I agree that it's emotion based, it's people capitalising on the low either thinking it'll go up aga...
2024-09-09 17:01:30,417 - INFO - Sample 450 - Original Summary: apples hiring proccess BLOWS but i wish u the best of luck and if you have any questions...let me kn...
2024-09-09 17:01:30,417 - INFO - Sample 450 - Generated Summary: apples hiring proccess BLOWS but i wish u the best of luck and if you have any questions...let me kn...
2024-09-09 17:01:30,418 - INFO - Sample 460 - Original Summary: I don't have enough damage even with the modifiers. 
 EDIT: Turns out I should've used my megashark ...
2024-09-09 17:01:30,418 - INFO - Sample 460 - Generated Summary: I don't have enough damage even with the modifiers. 
 EDIT: Turns out I should've used my megashark ...
2024-09-09 17:01:30,419 - INFO - Sample 470 - Original Summary: You contradict yourself. Your whole argument is self-defeating. And we have demonstrated you are ful...
2024-09-09 17:01:30,419 - INFO - Sample 470 - Generated Summary: You contradict yourself. Your whole argument is self-defeating. And we have demonstrated you are ful...
2024-09-09 17:01:30,420 - INFO - Sample 480 - Original Summary: I have nothing useful to contribute about the date....
2024-09-09 17:01:30,420 - INFO - Sample 480 - Generated Summary: I have nothing useful to contribute about the date....
2024-09-09 17:01:30,420 - INFO - Sample 490 - Original Summary: the waist is probably going to stretch back to perfect in no time, and the length will be a bit shor...
2024-09-09 17:01:30,421 - INFO - Sample 490 - Generated Summary: the waist is probably going to stretch back to perfect in no time, and the length will be a bit shor...
2024-09-09 17:01:30,421 - INFO - Sample 500 - Original Summary: hurts me....
2024-09-09 17:01:30,421 - INFO - Sample 500 - Generated Summary: hurts me....
2024-09-09 17:01:30,422 - INFO - Sample 510 - Original Summary: on this entire situation...
2024-09-09 17:01:30,422 - INFO - Sample 510 - Generated Summary: on this entire situation...
2024-09-09 17:01:30,423 - INFO - Sample 520 - Original Summary: here is no, you're not "wrong" for wanting to be a SAHM. But don't burn bridges and discount other p...
2024-09-09 17:01:30,423 - INFO - Sample 520 - Generated Summary: here is no, you're not "wrong" for wanting to be a SAHM. But don't burn bridges and discount other p...
2024-09-09 17:01:30,424 - INFO - Sample 530 - Original Summary: Your "point" is meaningless....
2024-09-09 17:01:30,424 - INFO - Sample 530 - Generated Summary: Your "point" is meaningless....
2024-09-09 17:01:30,425 - INFO - Sample 540 - Original Summary: s/ causes English consonants to merge in voicing, so it's easy to mistake the /b/ of  beer  for the ...
2024-09-09 17:01:30,425 - INFO - Sample 540 - Generated Summary: s/ causes English consonants to merge in voicing, so it's easy to mistake the /b/ of  beer  for the ...
2024-09-09 17:01:30,425 - INFO - Sample 550 - Original Summary: Most of the lakes you referred to, and a lot of lakes in the area spanning Canada -> Minnesota ->Mic...
2024-09-09 17:01:30,425 - INFO - Sample 550 - Generated Summary: Most of the lakes you referred to, and a lot of lakes in the area spanning Canada -> Minnesota ->Mic...
2024-09-09 17:01:30,426 - INFO - Sample 560 - Original Summary: shoulder injury and lack of time makes getting to the gym hard, will body weight exercises give me r...
2024-09-09 17:01:30,426 - INFO - Sample 560 - Generated Summary: shoulder injury and lack of time makes getting to the gym hard, will body weight exercises give me r...
2024-09-09 17:01:30,427 - INFO - Sample 570 - Original Summary: My wife was acting suspicious on a recent trip, has been hiding things from me and some GPS data see...
2024-09-09 17:01:30,427 - INFO - Sample 570 - Generated Summary: My wife was acting suspicious on a recent trip, has been hiding things from me and some GPS data see...
2024-09-09 17:01:30,428 - INFO - Sample 580 - Original Summary: Using logic to try to prove that there is high probability of other intelligent life forms in our un...
2024-09-09 17:01:30,428 - INFO - Sample 580 - Generated Summary: Using logic to try to prove that there is high probability of other intelligent life forms in our un...
2024-09-09 17:01:30,429 - INFO - Sample 590 - Original Summary: somewhere around 1,000,000 Joules was released....
2024-09-09 17:01:30,429 - INFO - Sample 590 - Generated Summary: somewhere around 1,000,000 Joules was released....
2024-09-09 17:01:30,429 - INFO - Sample 600 - Original Summary: Cops sobriety tested me sans glasses, after an accident, and in the rain.  Told me I was a .25 when ...
2024-09-09 17:01:30,430 - INFO - Sample 600 - Generated Summary: Cops sobriety tested me sans glasses, after an accident, and in the rain.  Told me I was a .25 when ...
2024-09-09 17:01:30,437 - INFO - Sample 610 - Original Summary: Seriously, read the whole thing. But if you really can't be bothered, I started getting paranoid bec...
2024-09-09 17:01:30,437 - INFO - Sample 610 - Generated Summary: Seriously, read the whole thing. But if you really can't be bothered, I started getting paranoid bec...
2024-09-09 17:01:30,438 - INFO - Sample 620 - Original Summary: I'm sick of meeting new people and finding out if you move a little ways away, they'll completely ig...
2024-09-09 17:01:30,438 - INFO - Sample 620 - Generated Summary: I'm sick of meeting new people and finding out if you move a little ways away, they'll completely ig...
2024-09-09 17:01:30,442 - INFO - Sample 630 - Original Summary: some man tried to flirt with me on facebook, i pranked/mindfucked him by saying im a transsexual, he...
2024-09-09 17:01:30,442 - INFO - Sample 630 - Generated Summary: some man tried to flirt with me on facebook, i pranked/mindfucked him by saying im a transsexual, he...
2024-09-09 17:01:30,443 - INFO - Sample 640 - Original Summary: Basically you don't want to do your steady state too hard because you're going to be doing quite a b...
2024-09-09 17:01:30,443 - INFO - Sample 640 - Generated Summary: Basically you don't want to do your steady state too hard because you're going to be doing quite a b...
2024-09-09 17:01:30,444 - INFO - Sample 650 - Original Summary: having a breast lift and augmentation, wanted to hear about anyone else's experiences with one/both ...
2024-09-09 17:01:30,444 - INFO - Sample 650 - Generated Summary: having a breast lift and augmentation, wanted to hear about anyone else's experiences with one/both ...
2024-09-09 17:01:30,445 - INFO - Sample 660 - Original Summary: it is not a lottery....
2024-09-09 17:01:30,445 - INFO - Sample 660 - Generated Summary: it is not a lottery....
2024-09-09 17:01:30,446 - INFO - Sample 670 - Original Summary: Stumbled upon the DLC 
 Edit: Sorry, wall of text not wally enough. Wanted to add that the DLC conte...
2024-09-09 17:01:30,446 - INFO - Sample 670 - Generated Summary: Stumbled upon the DLC 
 Edit: Sorry, wall of text not wally enough. Wanted to add that the DLC conte...
2024-09-09 17:01:30,447 - INFO - Sample 680 - Original Summary: Some guy is blatantly remaking our maps and not giving us any credit....
2024-09-09 17:01:30,447 - INFO - Sample 680 - Generated Summary: Some guy is blatantly remaking our maps and not giving us any credit....
2024-09-09 17:01:30,448 - INFO - Sample 690 - Original Summary: Ex asked me for a break, started dating dude immediately after. Found out he's been hooking up with ...
2024-09-09 17:01:30,448 - INFO - Sample 690 - Generated Summary: Ex asked me for a break, started dating dude immediately after. Found out he's been hooking up with ...
2024-09-09 17:01:30,449 - INFO - Sample 700 - Original Summary: I got annoyed at girlfriend of 4 years as she doesnt put much effort in her knowledge about sex for ...
2024-09-09 17:01:30,449 - INFO - Sample 700 - Generated Summary: I got annoyed at girlfriend of 4 years as she doesnt put much effort in her knowledge about sex for ...
2024-09-09 17:01:30,450 - INFO - Sample 710 - Original Summary: I am having a tough time feeling the passion on my partners side because she wants to go to and meet...
2024-09-09 17:01:30,450 - INFO - Sample 710 - Generated Summary: I am having a tough time feeling the passion on my partners side because she wants to go to and meet...
2024-09-09 17:01:30,450 - INFO - Sample 720 - Original Summary: If I - of all people - can begin to recognize this stuff, anyone can learn it....
2024-09-09 17:01:30,451 - INFO - Sample 720 - Generated Summary: If I - of all people - can begin to recognize this stuff, anyone can learn it....
2024-09-09 17:01:30,451 - INFO - Sample 730 - Original Summary: I think brain does that to better establish boundaries of our "moral" choices.
p.s. sorry for my Eng...
2024-09-09 17:01:30,451 - INFO - Sample 730 - Generated Summary: I think brain does that to better establish boundaries of our "moral" choices.
p.s. sorry for my Eng...
2024-09-09 17:01:30,452 - INFO - Sample 740 - Original Summary: Gf of 5 years peaced out, I am doing the best to hold it together. I am a rollercoaster of emotions,...
2024-09-09 17:01:30,452 - INFO - Sample 740 - Generated Summary: Gf of 5 years peaced out, I am doing the best to hold it together. I am a rollercoaster of emotions,...
Processing original:  25%|██▌       | 750/3000 [00:00<00:00, 7495.79it/s]2024-09-09 17:01:30,453 - INFO - Sample 750 - Original Summary: there will always be websites that don't work smoothly, because of incompetence and innovation....
2024-09-09 17:01:30,454 - INFO - Sample 750 - Generated Summary: there will always be websites that don't work smoothly, because of incompetence and innovation....
2024-09-09 17:01:30,454 - INFO - Sample 760 - Original Summary: the MLP team does a prom episode....
2024-09-09 17:01:30,454 - INFO - Sample 760 - Generated Summary: the MLP team does a prom episode....
2024-09-09 17:01:30,455 - INFO - Sample 770 - Original Summary: ordered chainring, had questions, emailed, gotten no responses....
2024-09-09 17:01:30,455 - INFO - Sample 770 - Generated Summary: ordered chainring, had questions, emailed, gotten no responses....
2024-09-09 17:01:30,456 - INFO - Sample 780 - Original Summary: apparently I just love attention :L...
2024-09-09 17:01:30,456 - INFO - Sample 780 - Generated Summary: apparently I just love attention :L...
2024-09-09 17:01:30,457 - INFO - Sample 790 - Original Summary: I've worked my butt off to get a [dota 2 microlottery site]( up and running. It's all automated and ...
2024-09-09 17:01:30,457 - INFO - Sample 790 - Generated Summary: I've worked my butt off to get a [dota 2 microlottery site]( up and running. It's all automated and ...
2024-09-09 17:01:30,458 - INFO - Sample 800 - Original Summary: No matter what way you spin it Christians hating homosexuals makes no sense....
2024-09-09 17:01:30,458 - INFO - Sample 800 - Generated Summary: No matter what way you spin it Christians hating homosexuals makes no sense....
2024-09-09 17:01:30,458 - INFO - Sample 810 - Original Summary: Thinking about marriage but I have some reservations. What are your thoughts -- are we ready to get ...
2024-09-09 17:01:30,459 - INFO - Sample 810 - Generated Summary: Thinking about marriage but I have some reservations. What are your thoughts -- are we ready to get ...
2024-09-09 17:01:30,459 - INFO - Sample 820 - Original Summary: Boyfriend won't invite me to group events with his friends anymore. I don't know whether I'm overrea...
2024-09-09 17:01:30,459 - INFO - Sample 820 - Generated Summary: Boyfriend won't invite me to group events with his friends anymore. I don't know whether I'm overrea...
2024-09-09 17:01:30,460 - INFO - Sample 830 - Original Summary: How can I get my woman of interest to want to spend more time with me?...
2024-09-09 17:01:30,460 - INFO - Sample 830 - Generated Summary: How can I get my woman of interest to want to spend more time with me?...
2024-09-09 17:01:30,461 - INFO - Sample 840 - Original Summary: no, eSferes emphasis is android, OUYAs emphasis is console games....
2024-09-09 17:01:30,461 - INFO - Sample 840 - Generated Summary: no, eSferes emphasis is android, OUYAs emphasis is console games....
2024-09-09 17:01:30,462 - INFO - Sample 850 - Original Summary: Boredom was not a solution to historical empires, how can Total War replicate and innovate on the en...
2024-09-09 17:01:30,462 - INFO - Sample 850 - Generated Summary: Boredom was not a solution to historical empires, how can Total War replicate and innovate on the en...
2024-09-09 17:01:30,463 - INFO - Sample 860 - Original Summary: Protecting yourself is smart, but a company not wanting to divulge specific details isn't necessaril...
2024-09-09 17:01:30,463 - INFO - Sample 860 - Generated Summary: Protecting yourself is smart, but a company not wanting to divulge specific details isn't necessaril...
2024-09-09 17:01:30,464 - INFO - Sample 870 - Original Summary: Hope is still in that damn box....
2024-09-09 17:01:30,464 - INFO - Sample 870 - Generated Summary: Hope is still in that damn box....
2024-09-09 17:01:30,465 - INFO - Sample 880 - Original Summary: Always try to help a brother out, believe me, some good will come out of it:)...
2024-09-09 17:01:30,465 - INFO - Sample 880 - Generated Summary: Always try to help a brother out, believe me, some good will come out of it:)...
2024-09-09 17:01:30,466 - INFO - Sample 890 - Original Summary: recommend centralized storage solution for a tiny district....
2024-09-09 17:01:30,466 - INFO - Sample 890 - Generated Summary: recommend centralized storage solution for a tiny district....
2024-09-09 17:01:30,467 - INFO - Sample 900 - Original Summary: Scrolling through bf's "page", saw he feels trapped,what to think?...
2024-09-09 17:01:30,467 - INFO - Sample 900 - Generated Summary: Scrolling through bf's "page", saw he feels trapped,what to think?...
2024-09-09 17:01:30,467 - INFO - Sample 910 - Original Summary: The Empire does bad things to Han Banner.  He hulks out.  People die, possibly including his friends...
2024-09-09 17:01:30,467 - INFO - Sample 910 - Generated Summary: The Empire does bad things to Han Banner.  He hulks out.  People die, possibly including his friends...
2024-09-09 17:01:30,468 - INFO - Sample 920 - Original Summary: yadayadayada...
2024-09-09 17:01:30,468 - INFO - Sample 920 - Generated Summary: yadayadayada...
2024-09-09 17:01:30,471 - INFO - Sample 930 - Original Summary: 4,000 in 10 years is probably the most optimistic.  $80 is also a possibility as well as zero....
2024-09-09 17:01:30,471 - INFO - Sample 930 - Generated Summary: 4,000 in 10 years is probably the most optimistic.  $80 is also a possibility as well as zero....
2024-09-09 17:01:30,472 - INFO - Sample 940 - Original Summary: I feel there is a strong possibility I have ADHD, not positive though.  Is it still worth bringing u...
2024-09-09 17:01:30,472 - INFO - Sample 940 - Generated Summary: I feel there is a strong possibility I have ADHD, not positive though.  Is it still worth bringing u...
2024-09-09 17:01:30,473 - INFO - Sample 950 - Original Summary: They probably feel that they're acting in the best interest of the dog. Respect their opinion but re...
2024-09-09 17:01:30,473 - INFO - Sample 950 - Generated Summary: They probably feel that they're acting in the best interest of the dog. Respect their opinion but re...
2024-09-09 17:01:30,474 - INFO - Sample 960 - Original Summary: Full armor of thorns and double dark hand host (also 90% sure he had bloodring on, but I might just ...
2024-09-09 17:01:30,474 - INFO - Sample 960 - Generated Summary: Full armor of thorns and double dark hand host (also 90% sure he had bloodring on, but I might just ...
2024-09-09 17:01:30,475 - INFO - Sample 970 - Original Summary: My friend acts like he wants to date me and tells me he doesn't want to date anyone, including me. I...
2024-09-09 17:01:30,475 - INFO - Sample 970 - Generated Summary: My friend acts like he wants to date me and tells me he doesn't want to date anyone, including me. I...
2024-09-09 17:01:30,476 - INFO - Sample 980 - Original Summary: my girlfriend of about a year doesnt know what she wants. I dont want to lose her...
2024-09-09 17:01:30,476 - INFO - Sample 980 - Generated Summary: my girlfriend of about a year doesnt know what she wants. I dont want to lose her...
2024-09-09 17:01:30,477 - INFO - Sample 990 - Original Summary: There once was a man from Nantucket....
2024-09-09 17:01:30,477 - INFO - Sample 990 - Generated Summary: There once was a man from Nantucket....
2024-09-09 17:01:30,485 - INFO - Sample 1000 - Original Summary: Are the numbers from Lost a re-occurring theme?...
2024-09-09 17:01:30,485 - INFO - Sample 1000 - Generated Summary: Are the numbers from Lost a re-occurring theme?...
2024-09-09 17:01:30,486 - INFO - Sample 1010 - Original Summary: Turned a rodent into Lieutenant Dan....
2024-09-09 17:01:30,486 - INFO - Sample 1010 - Generated Summary: Turned a rodent into Lieutenant Dan....
2024-09-09 17:01:30,487 - INFO - Sample 1020 - Original Summary: My penis is the hardest it's ever been and my GF thinks it has grown in the eight months we have bee...
2024-09-09 17:01:30,487 - INFO - Sample 1020 - Generated Summary: My penis is the hardest it's ever been and my GF thinks it has grown in the eight months we have bee...
2024-09-09 17:01:30,488 - INFO - Sample 1030 - Original Summary: Best friends with group of guys, they all did well for themselves, I had to move 5 hours away to get...
2024-09-09 17:01:30,488 - INFO - Sample 1030 - Generated Summary: Best friends with group of guys, they all did well for themselves, I had to move 5 hours away to get...
2024-09-09 17:01:30,489 - INFO - Sample 1040 - Original Summary: Anxious to move to new-less-old-and-busted design, opening /r/diamondclubtheme for testing even thou...
2024-09-09 17:01:30,489 - INFO - Sample 1040 - Generated Summary: Anxious to move to new-less-old-and-busted design, opening /r/diamondclubtheme for testing even thou...
2024-09-09 17:01:30,490 - INFO - Sample 1050 - Original Summary: are things moving slower than a turtle stomping through molasses, or am I just a filler to pass the ...
2024-09-09 17:01:30,490 - INFO - Sample 1050 - Generated Summary: are things moving slower than a turtle stomping through molasses, or am I just a filler to pass the ...
2024-09-09 17:01:30,491 - INFO - Sample 1060 - Original Summary: treat printer dc motors like servos without encoders. If you have the skill to add encoders and code...
2024-09-09 17:01:30,491 - INFO - Sample 1060 - Generated Summary: treat printer dc motors like servos without encoders. If you have the skill to add encoders and code...
2024-09-09 17:01:30,492 - INFO - Sample 1070 - Original Summary: Try to keep an eye on the minimap/chat/pings. WE ALL benefit from it :)...
2024-09-09 17:01:30,492 - INFO - Sample 1070 - Generated Summary: Try to keep an eye on the minimap/chat/pings. WE ALL benefit from it :)...
2024-09-09 17:01:30,493 - INFO - Sample 1080 - Original Summary: Gf of a year has unhealthy perceptions about her weight if she overeats even a little, don't know ho...
2024-09-09 17:01:30,493 - INFO - Sample 1080 - Generated Summary: Gf of a year has unhealthy perceptions about her weight if she overeats even a little, don't know ho...
2024-09-09 17:01:30,493 - INFO - Sample 1090 - Original Summary: Don't tell me about how much drugs you use, because I think drugs are stupid and if you talk to me a...
2024-09-09 17:01:30,493 - INFO - Sample 1090 - Generated Summary: Don't tell me about how much drugs you use, because I think drugs are stupid and if you talk to me a...
2024-09-09 17:01:30,494 - INFO - Sample 1100 - Original Summary: cute girl shared a scary dream and I shared a psychotic, twisted dream in return....
2024-09-09 17:01:30,494 - INFO - Sample 1100 - Generated Summary: cute girl shared a scary dream and I shared a psychotic, twisted dream in return....
2024-09-09 17:01:30,495 - INFO - Sample 1110 - Original Summary: I feel like you are tailoring the build for people to play like they are in sumaiL's position rather...
2024-09-09 17:01:30,495 - INFO - Sample 1110 - Generated Summary: I feel like you are tailoring the build for people to play like they are in sumaiL's position rather...
2024-09-09 17:01:30,496 - INFO - Sample 1120 - Original Summary: We must embrace the rodent revolution and accept them as comrades....
2024-09-09 17:01:30,496 - INFO - Sample 1120 - Generated Summary: We must embrace the rodent revolution and accept them as comrades....
2024-09-09 17:01:30,497 - INFO - Sample 1130 - Original Summary: Role play Master/Maid in historic servant room...
2024-09-09 17:01:30,497 - INFO - Sample 1130 - Generated Summary: Role play Master/Maid in historic servant room...
2024-09-09 17:01:30,500 - INFO - Sample 1140 - Original Summary: Spartacus and Leonidas stomp 9.5/10....
2024-09-09 17:01:30,500 - INFO - Sample 1140 - Generated Summary: Spartacus and Leonidas stomp 9.5/10....
2024-09-09 17:01:30,501 - INFO - Sample 1150 - Original Summary: Summary: I walked my dog met an interesting person. Don't see her for 5 months, I end up in her poop...
2024-09-09 17:01:30,501 - INFO - Sample 1150 - Generated Summary: Summary: I walked my dog met an interesting person. Don't see her for 5 months, I end up in her poop...
2024-09-09 17:01:30,502 - INFO - Sample 1160 - Original Summary: I like it. You should probably buy one....
2024-09-09 17:01:30,502 - INFO - Sample 1160 - Generated Summary: I like it. You should probably buy one....
2024-09-09 17:01:30,503 - INFO - Sample 1170 - Original Summary: Same calories as you would otherwise, there's nothing special about IF other than that the amount of...
2024-09-09 17:01:30,503 - INFO - Sample 1170 - Generated Summary: Same calories as you would otherwise, there's nothing special about IF other than that the amount of...
2024-09-09 17:01:30,504 - INFO - Sample 1180 - Original Summary: FFS KEEP JESUS ON THE BENCH....
2024-09-09 17:01:30,504 - INFO - Sample 1180 - Generated Summary: FFS KEEP JESUS ON THE BENCH....
2024-09-09 17:01:30,504 - INFO - Sample 1190 - Original Summary: I'm in the same boat....
2024-09-09 17:01:30,504 - INFO - Sample 1190 - Generated Summary: I'm in the same boat....
2024-09-09 17:01:30,505 - INFO - Sample 1200 - Original Summary: Cheer up, sc2 might be stagnant and slowly dropping in numbers but it's not the end of the world. St...
2024-09-09 17:01:30,505 - INFO - Sample 1200 - Generated Summary: Cheer up, sc2 might be stagnant and slowly dropping in numbers but it's not the end of the world. St...
2024-09-09 17:01:30,506 - INFO - Sample 1210 - Original Summary: want lasting, honest relationship with like-minded person....
2024-09-09 17:01:30,506 - INFO - Sample 1210 - Generated Summary: want lasting, honest relationship with like-minded person....
2024-09-09 17:01:30,507 - INFO - Sample 1220 - Original Summary: I tried to have an interesting gimmick for my character and was pretty much destroyed by it....
2024-09-09 17:01:30,507 - INFO - Sample 1220 - Generated Summary: I tried to have an interesting gimmick for my character and was pretty much destroyed by it....
2024-09-09 17:01:30,511 - INFO - Sample 1230 - Original Summary: ended up badly four times, if you can't meet up IRL at least once, try avoiding that...
2024-09-09 17:01:30,511 - INFO - Sample 1230 - Generated Summary: ended up badly four times, if you can't meet up IRL at least once, try avoiding that...
2024-09-09 17:01:30,511 - INFO - Sample 1240 - Original Summary: recommendations for newly bookish 17 yr old brother...
2024-09-09 17:01:30,512 - INFO - Sample 1240 - Generated Summary: recommendations for newly bookish 17 yr old brother...
2024-09-09 17:01:30,512 - INFO - Sample 1250 - Original Summary: It's okay to be worried, but tell him you're worried, and if you stick to that honesty and open comm...
2024-09-09 17:01:30,512 - INFO - Sample 1250 - Generated Summary: It's okay to be worried, but tell him you're worried, and if you stick to that honesty and open comm...
2024-09-09 17:01:30,513 - INFO - Sample 1260 - Original Summary: Sometimes GFs are right about your friends....
2024-09-09 17:01:30,513 - INFO - Sample 1260 - Generated Summary: Sometimes GFs are right about your friends....
2024-09-09 17:01:30,514 - INFO - Sample 1270 - Original Summary: yeah, pretty acceptable...
2024-09-09 17:01:30,514 - INFO - Sample 1270 - Generated Summary: yeah, pretty acceptable...
2024-09-09 17:01:30,515 - INFO - Sample 1280 - Original Summary: I'm a pansy. 
 Any similar experiences?...
2024-09-09 17:01:30,515 - INFO - Sample 1280 - Generated Summary: I'm a pansy. 
 Any similar experiences?...
2024-09-09 17:01:30,516 - INFO - Sample 1290 - Original Summary: Became a raging alcoholic for two weeks in China with my friends under strict supervision from chape...
2024-09-09 17:01:30,516 - INFO - Sample 1290 - Generated Summary: Became a raging alcoholic for two weeks in China with my friends under strict supervision from chape...
2024-09-09 17:01:30,517 - INFO - Sample 1300 - Original Summary: how easy is it to get visas for a UK passport while on the road in SE Asia...
2024-09-09 17:01:30,517 - INFO - Sample 1300 - Generated Summary: how easy is it to get visas for a UK passport while on the road in SE Asia...
2024-09-09 17:01:30,518 - INFO - Sample 1310 - Original Summary: 18K, demand fun, don't get too loyal....
2024-09-09 17:01:30,518 - INFO - Sample 1310 - Generated Summary: 18K, demand fun, don't get too loyal....
2024-09-09 17:01:30,518 - INFO - Sample 1320 - Original Summary: Nelnet uses plenty of tricks to extract more money from debtors. If you have them as your loan servi...
2024-09-09 17:01:30,518 - INFO - Sample 1320 - Generated Summary: Nelnet uses plenty of tricks to extract more money from debtors. If you have them as your loan servi...
2024-09-09 17:01:30,520 - INFO - Sample 1330 - Original Summary: Starting to roll more and I'm torn between practicing my own game and helping the new guys. Advice? ...
2024-09-09 17:01:30,520 - INFO - Sample 1330 - Generated Summary: Starting to roll more and I'm torn between practicing my own game and helping the new guys. Advice? ...
2024-09-09 17:01:30,520 - INFO - Sample 1340 - Original Summary: when you fart underwater, it's like your butt hole is right next to your nose....
2024-09-09 17:01:30,520 - INFO - Sample 1340 - Generated Summary: when you fart underwater, it's like your butt hole is right next to your nose....
2024-09-09 17:01:30,521 - INFO - Sample 1350 - Original Summary: DON'T SWAP A PAP'D STARTING PISTOL FOR A DIG SITE MAUSER!...
2024-09-09 17:01:30,521 - INFO - Sample 1350 - Generated Summary: DON'T SWAP A PAP'D STARTING PISTOL FOR A DIG SITE MAUSER!...
2024-09-09 17:01:30,522 - INFO - Sample 1360 - Original Summary: Preparing a plan in case of worst case scenarios does not in any way shape or form imply that you th...
2024-09-09 17:01:30,522 - INFO - Sample 1360 - Generated Summary: Preparing a plan in case of worst case scenarios does not in any way shape or form imply that you th...
2024-09-09 17:01:30,523 - INFO - Sample 1370 - Original Summary: Living a shit life, decided to move. Liked it!...
2024-09-09 17:01:30,523 - INFO - Sample 1370 - Generated Summary: Living a shit life, decided to move. Liked it!...
2024-09-09 17:01:30,524 - INFO - Sample 1380 - Original Summary: Fuck you go back and read it. Typing this out made me bawl^like^a^baby....
2024-09-09 17:01:30,524 - INFO - Sample 1380 - Generated Summary: Fuck you go back and read it. Typing this out made me bawl^like^a^baby....
2024-09-09 17:01:30,524 - INFO - Sample 1390 - Original Summary: Westbrook is a shooting guard, he is playing point guard and OKC don't have anyone else to play poin...
2024-09-09 17:01:30,525 - INFO - Sample 1390 - Generated Summary: Westbrook is a shooting guard, he is playing point guard and OKC don't have anyone else to play poin...
2024-09-09 17:01:30,525 - INFO - Sample 1400 - Original Summary: This photo is hot...
2024-09-09 17:01:30,525 - INFO - Sample 1400 - Generated Summary: This photo is hot...
2024-09-09 17:01:30,526 - INFO - Sample 1410 - Original Summary: Better for gaming - Plasma or LED? What is the best HDTV deal Black Friday with a budget of $700?...
2024-09-09 17:01:30,526 - INFO - Sample 1410 - Generated Summary: Better for gaming - Plasma or LED? What is the best HDTV deal Black Friday with a budget of $700?...
2024-09-09 17:01:30,527 - INFO - Sample 1420 - Original Summary: BT are a shambles, Sky are more helpful but are also at the mercy of BT/Openreach's incorrect databa...
2024-09-09 17:01:30,527 - INFO - Sample 1420 - Generated Summary: BT are a shambles, Sky are more helpful but are also at the mercy of BT/Openreach's incorrect databa...
2024-09-09 17:01:30,528 - INFO - Sample 1430 - Original Summary: watch for sketchy neighbors...
2024-09-09 17:01:30,528 - INFO - Sample 1430 - Generated Summary: watch for sketchy neighbors...
2024-09-09 17:01:30,529 - INFO - Sample 1440 - Original Summary: ETA is unknown...
2024-09-09 17:01:30,529 - INFO - Sample 1440 - Generated Summary: ETA is unknown...
2024-09-09 17:01:30,529 - INFO - Sample 1450 - Original Summary: Sometimes randomness looks like design. (Then again, maybe I'm not "really truly" thinking about it ...
2024-09-09 17:01:30,529 - INFO - Sample 1450 - Generated Summary: Sometimes randomness looks like design. (Then again, maybe I'm not "really truly" thinking about it ...
2024-09-09 17:01:30,530 - INFO - Sample 1460 - Original Summary: Would it be against the UKARA Laws to paint the tan part of a two tone gun black?...
2024-09-09 17:01:30,530 - INFO - Sample 1460 - Generated Summary: Would it be against the UKARA Laws to paint the tan part of a two tone gun black?...
2024-09-09 17:01:30,531 - INFO - Sample 1470 - Original Summary: My mother is a narcissist and has done some pretty crappy things....
2024-09-09 17:01:30,531 - INFO - Sample 1470 - Generated Summary: My mother is a narcissist and has done some pretty crappy things....
2024-09-09 17:01:30,532 - INFO - Sample 1480 - Original Summary: What are some spoken lines that you really hope make it into Dota 2? 
 EDIT: Formatting....
2024-09-09 17:01:30,532 - INFO - Sample 1480 - Generated Summary: What are some spoken lines that you really hope make it into Dota 2? 
 EDIT: Formatting....
2024-09-09 17:01:30,537 - INFO - Sample 1490 - Original Summary: Virgin sucks balls, leave them and get someone else as its much less bother than calling them and ha...
2024-09-09 17:01:30,538 - INFO - Sample 1490 - Generated Summary: Virgin sucks balls, leave them and get someone else as its much less bother than calling them and ha...
2024-09-09 17:01:30,543 - INFO - Sample 1500 - Original Summary: If you are a new player with a few hundred hours realize that some people put in thousands and thous...
2024-09-09 17:01:30,543 - INFO - Sample 1500 - Generated Summary: If you are a new player with a few hundred hours realize that some people put in thousands and thous...
2024-09-09 17:01:30,544 - INFO - Sample 1510 - Original Summary: One-sided gay relationship problem.  What do I do?...
2024-09-09 17:01:30,544 - INFO - Sample 1510 - Generated Summary: One-sided gay relationship problem.  What do I do?...
2024-09-09 17:01:30,545 - INFO - Sample 1520 - Original Summary: Friend wants to get flat together after recent break up. Moving in with her would mean I end up payi...
2024-09-09 17:01:30,545 - INFO - Sample 1520 - Generated Summary: Friend wants to get flat together after recent break up. Moving in with her would mean I end up payi...
2024-09-09 17:01:30,551 - INFO - Sample 1530 - Original Summary: Big party with the gym teacher and her biker friends....
2024-09-09 17:01:30,551 - INFO - Sample 1530 - Generated Summary: Big party with the gym teacher and her biker friends....
2024-09-09 17:01:30,552 - INFO - Sample 1540 - Original Summary: The whispering winds of shit turned out to be the prelude to a shiticane and I have no patience for ...
2024-09-09 17:01:30,552 - INFO - Sample 1540 - Generated Summary: The whispering winds of shit turned out to be the prelude to a shiticane and I have no patience for ...
2024-09-09 17:01:30,553 - INFO - Sample 1550 - Original Summary: this even though I never do. Just my message is DON'T. FOR. ONE. SECOND. Believe Rockstar on anythin...
2024-09-09 17:01:30,553 - INFO - Sample 1550 - Generated Summary: this even though I never do. Just my message is DON'T. FOR. ONE. SECOND. Believe Rockstar on anythin...
Processing original:  52%|█████▏    | 1552/3000 [00:00<00:00, 7799.02it/s]2024-09-09 17:01:30,554 - INFO - Sample 1560 - Original Summary: Watch your children when they are around your pet, they probably deserved being bitten....
2024-09-09 17:01:30,554 - INFO - Sample 1560 - Generated Summary: Watch your children when they are around your pet, they probably deserved being bitten....
2024-09-09 17:01:30,555 - INFO - Sample 1570 - Original Summary: Got my heart broken and (irrationally) wonder if I threw away my chance for happiness by choosing gr...
2024-09-09 17:01:30,555 - INFO - Sample 1570 - Generated Summary: Got my heart broken and (irrationally) wonder if I threw away my chance for happiness by choosing gr...
2024-09-09 17:01:30,556 - INFO - Sample 1580 - Original Summary: My dad is a skilled photographer with little experience using flashes. What are your recommended res...
2024-09-09 17:01:30,556 - INFO - Sample 1580 - Generated Summary: My dad is a skilled photographer with little experience using flashes. What are your recommended res...
2024-09-09 17:01:30,557 - INFO - Sample 1590 - Original Summary: DecalGirl decal designs are great, unless you need to protect the corners and edges of your NEW 3ds ...
2024-09-09 17:01:30,557 - INFO - Sample 1590 - Generated Summary: DecalGirl decal designs are great, unless you need to protect the corners and edges of your NEW 3ds ...
2024-09-09 17:01:30,558 - INFO - Sample 1600 - Original Summary: serious reservations about the article, but there are some points worth considering. Deserves a foll...
2024-09-09 17:01:30,558 - INFO - Sample 1600 - Generated Summary: serious reservations about the article, but there are some points worth considering. Deserves a foll...
2024-09-09 17:01:30,559 - INFO - Sample 1610 - Original Summary: got your back dude. Sick of carebears....
2024-09-09 17:01:30,559 - INFO - Sample 1610 - Generated Summary: got your back dude. Sick of carebears....
2024-09-09 17:01:30,560 - INFO - Sample 1620 - Original Summary: Mega suffers a fatal wound, revives on his own lore despite apparently dying on 2 other units lores,...
2024-09-09 17:01:30,560 - INFO - Sample 1620 - Generated Summary: Mega suffers a fatal wound, revives on his own lore despite apparently dying on 2 other units lores,...
2024-09-09 17:01:30,560 - INFO - Sample 1630 - Original Summary: CPS took the kids. They're safe. Mary has been fired from work. Redditors amaze me with their kindne...
2024-09-09 17:01:30,560 - INFO - Sample 1630 - Generated Summary: CPS took the kids. They're safe. Mary has been fired from work. Redditors amaze me with their kindne...
2024-09-09 17:01:30,561 - INFO - Sample 1640 - Original Summary: was nice and polite to salesman. I'm not a bro type of guy what so ever. I got "OK bro" 
 here is li...
2024-09-09 17:01:30,561 - INFO - Sample 1640 - Generated Summary: was nice and polite to salesman. I'm not a bro type of guy what so ever. I got "OK bro" 
 here is li...
2024-09-09 17:01:30,562 - INFO - Sample 1650 - Original Summary: You're talking nonsense and off topic....
2024-09-09 17:01:30,562 - INFO - Sample 1650 - Generated Summary: You're talking nonsense and off topic....
2024-09-09 17:01:30,563 - INFO - Sample 1660 - Original Summary: Tinfoil hat theory says WoD uses perspective tricks like Vanilla. Can anyone in beta confirm/deny?...
2024-09-09 17:01:30,563 - INFO - Sample 1660 - Generated Summary: Tinfoil hat theory says WoD uses perspective tricks like Vanilla. Can anyone in beta confirm/deny?...
2024-09-09 17:01:30,564 - INFO - Sample 1670 - Original Summary: I was gifted a car with the title thrown away and no title on file with the DMV.  How do I fix this?...
2024-09-09 17:01:30,564 - INFO - Sample 1670 - Generated Summary: I was gifted a car with the title thrown away and no title on file with the DMV.  How do I fix this?...
2024-09-09 17:01:30,565 - INFO - Sample 1680 - Original Summary: are there other sites like reddit? Similar content, less urge to kill? 
 Any non-territorial, honest...
2024-09-09 17:01:30,565 - INFO - Sample 1680 - Generated Summary: are there other sites like reddit? Similar content, less urge to kill? 
 Any non-territorial, honest...
2024-09-09 17:01:30,565 - INFO - Sample 1690 - Original Summary: scammer calls back to abuse me for wasting his time...
2024-09-09 17:01:30,565 - INFO - Sample 1690 - Generated Summary: scammer calls back to abuse me for wasting his time...
2024-09-09 17:01:30,566 - INFO - Sample 1700 - Original Summary: CrossFit is fun and CrossFitters do it because it works for them.  Also, our fitness is elite and ou...
2024-09-09 17:01:30,566 - INFO - Sample 1700 - Generated Summary: CrossFit is fun and CrossFitters do it because it works for them.  Also, our fitness is elite and ou...
2024-09-09 17:01:30,567 - INFO - Sample 1710 - Original Summary: What Comcast is Saying 
 "We currently abide by ALL net neutrality laws.  We care about net neutrali...
2024-09-09 17:01:30,567 - INFO - Sample 1710 - Generated Summary: What Comcast is Saying 
 "We currently abide by ALL net neutrality laws.  We care about net neutrali...
2024-09-09 17:01:30,568 - INFO - Sample 1720 - Original Summary: my almost two year relationship is going to shit and i don't know how to react or handle it....
2024-09-09 17:01:30,568 - INFO - Sample 1720 - Generated Summary: my almost two year relationship is going to shit and i don't know how to react or handle it....
2024-09-09 17:01:30,569 - INFO - Sample 1730 - Original Summary: Don't get married, thanks....
2024-09-09 17:01:30,569 - INFO - Sample 1730 - Generated Summary: Don't get married, thanks....
2024-09-09 17:01:30,570 - INFO - Sample 1740 - Original Summary: Boyfriend not interested in pleasing me during sex. How should I talk to him about this?...
2024-09-09 17:01:30,570 - INFO - Sample 1740 - Generated Summary: Boyfriend not interested in pleasing me during sex. How should I talk to him about this?...
2024-09-09 17:01:30,571 - INFO - Sample 1750 - Original Summary: I was 4. Black lab (ish) dog NOMmyface. I was 3....
2024-09-09 17:01:30,571 - INFO - Sample 1750 - Generated Summary: I was 4. Black lab (ish) dog NOMmyface. I was 3....
2024-09-09 17:01:30,572 - INFO - Sample 1760 - Original Summary: Udyr is fun. You should play him. He went from B- to B+/A- and I think my proposed solution would ta...
2024-09-09 17:01:30,572 - INFO - Sample 1760 - Generated Summary: Udyr is fun. You should play him. He went from B- to B+/A- and I think my proposed solution would ta...
2024-09-09 17:01:30,572 - INFO - Sample 1770 - Original Summary: keep going!  It's soooo good....
2024-09-09 17:01:30,573 - INFO - Sample 1770 - Generated Summary: keep going!  It's soooo good....
2024-09-09 17:01:30,574 - INFO - Sample 1780 - Original Summary: kids trying to trick their parent into getting M-Rated game. Let parent know what's up and watch the...
2024-09-09 17:01:30,574 - INFO - Sample 1780 - Generated Summary: kids trying to trick their parent into getting M-Rated game. Let parent know what's up and watch the...
2024-09-09 17:01:30,574 - INFO - Sample 1790 - Original Summary: I got called an asshole by a girl that I liked....
2024-09-09 17:01:30,574 - INFO - Sample 1790 - Generated Summary: I got called an asshole by a girl that I liked....
2024-09-09 17:01:30,575 - INFO - Sample 1800 - Original Summary: Didnt know my uncle had a baby with someone in HS who has never been around my family....
2024-09-09 17:01:30,575 - INFO - Sample 1800 - Generated Summary: Didnt know my uncle had a baby with someone in HS who has never been around my family....
2024-09-09 17:01:30,578 - INFO - Sample 1810 - Original Summary: Assumptions are bad and times change. Also, Raava is bae. 
 Edit: additions and formatting...
2024-09-09 17:01:30,578 - INFO - Sample 1810 - Generated Summary: Assumptions are bad and times change. Also, Raava is bae. 
 Edit: additions and formatting...
2024-09-09 17:01:30,579 - INFO - Sample 1820 - Original Summary: straight from the Oracle's mouf....
2024-09-09 17:01:30,579 - INFO - Sample 1820 - Generated Summary: straight from the Oracle's mouf....
2024-09-09 17:01:30,580 - INFO - Sample 1830 - Original Summary: My girlfriend blows me off for her friends, doesn't invite me along, and I'm starting to feel ignore...
2024-09-09 17:01:30,580 - INFO - Sample 1830 - Generated Summary: My girlfriend blows me off for her friends, doesn't invite me along, and I'm starting to feel ignore...
2024-09-09 17:01:30,583 - INFO - Sample 1840 - Original Summary: You feel done after base building because you pretty much are. More additions to the game will proba...
2024-09-09 17:01:30,583 - INFO - Sample 1840 - Generated Summary: You feel done after base building because you pretty much are. More additions to the game will proba...
2024-09-09 17:01:30,584 - INFO - Sample 1850 - Original Summary: Don't close your eyes in a lucid dream....
2024-09-09 17:01:30,584 - INFO - Sample 1850 - Generated Summary: Don't close your eyes in a lucid dream....
2024-09-09 17:01:30,585 - INFO - Sample 1860 - Original Summary: Read the back of the amp, find the operating power in watts, at a specified load in ohms. Wire/purch...
2024-09-09 17:01:30,585 - INFO - Sample 1860 - Generated Summary: Read the back of the amp, find the operating power in watts, at a specified load in ohms. Wire/purch...
2024-09-09 17:01:30,586 - INFO - Sample 1870 - Original Summary: The opposite of "relative" isn't "objective". When it comes to relativism, a little leaven isn't eno...
2024-09-09 17:01:30,586 - INFO - Sample 1870 - Generated Summary: The opposite of "relative" isn't "objective". When it comes to relativism, a little leaven isn't eno...
2024-09-09 17:01:30,587 - INFO - Sample 1880 - Original Summary: My friend didn't like living under the spinarooni monarchy and still doesn't...
2024-09-09 17:01:30,587 - INFO - Sample 1880 - Generated Summary: My friend didn't like living under the spinarooni monarchy and still doesn't...
2024-09-09 17:01:30,588 - INFO - Sample 1890 - Original Summary: How much weed of what quality do you get for $20?...
2024-09-09 17:01:30,588 - INFO - Sample 1890 - Generated Summary: How much weed of what quality do you get for $20?...
2024-09-09 17:01:30,588 - INFO - Sample 1900 - Original Summary: Cunt uses veganism as an excuse for elitism and bitchiness, I give up my entire current life to GTFO...
2024-09-09 17:01:30,589 - INFO - Sample 1900 - Generated Summary: Cunt uses veganism as an excuse for elitism and bitchiness, I give up my entire current life to GTFO...
2024-09-09 17:01:30,589 - INFO - Sample 1910 - Original Summary: It's just a plastic sword I found at the store....
2024-09-09 17:01:30,589 - INFO - Sample 1910 - Generated Summary: It's just a plastic sword I found at the store....
2024-09-09 17:01:30,590 - INFO - Sample 1920 - Original Summary: broke up with gf because found messages where she bashed me and said awful things about me and then ...
2024-09-09 17:01:30,590 - INFO - Sample 1920 - Generated Summary: broke up with gf because found messages where she bashed me and said awful things about me and then ...
2024-09-09 17:01:30,591 - INFO - Sample 1930 - Original Summary: My uncle a cop found a dead guy on a call with dildos up his ass and a picture of a deer on the wall...
2024-09-09 17:01:30,591 - INFO - Sample 1930 - Generated Summary: My uncle a cop found a dead guy on a call with dildos up his ass and a picture of a deer on the wall...
2024-09-09 17:01:30,592 - INFO - Sample 1940 - Original Summary: You probably can't by Christmas, but eating less/exercising more will get you some of the way....
2024-09-09 17:01:30,592 - INFO - Sample 1940 - Generated Summary: You probably can't by Christmas, but eating less/exercising more will get you some of the way....
2024-09-09 17:01:30,593 - INFO - Sample 1950 - Original Summary: Yes, it's faster (about 5 seconds of extra burn) to launch from a C-5, but it's only really useful i...
2024-09-09 17:01:30,593 - INFO - Sample 1950 - Generated Summary: Yes, it's faster (about 5 seconds of extra burn) to launch from a C-5, but it's only really useful i...
2024-09-09 17:01:30,594 - INFO - Sample 1960 - Original Summary: If you've had a MFM 3some, do you think the woman is a slut afterwards or do you respect her?...
2024-09-09 17:01:30,594 - INFO - Sample 1960 - Generated Summary: If you've had a MFM 3some, do you think the woman is a slut afterwards or do you respect her?...
2024-09-09 17:01:30,595 - INFO - Sample 1970 - Original Summary: Putting bananas on your nipples feels  amazing!...
2024-09-09 17:01:30,595 - INFO - Sample 1970 - Generated Summary: Putting bananas on your nipples feels  amazing!...
2024-09-09 17:01:30,596 - INFO - Sample 1980 - Original Summary: of what you said?...
2024-09-09 17:01:30,596 - INFO - Sample 1980 - Generated Summary: of what you said?...
2024-09-09 17:01:30,597 - INFO - Sample 1990 - Original Summary: timey wimey stuff). 
 Jay sneaks away from the team to rejoin his friends, but they recognise him as...
2024-09-09 17:01:30,597 - INFO - Sample 1990 - Generated Summary: timey wimey stuff). 
 Jay sneaks away from the team to rejoin his friends, but they recognise him as...
2024-09-09 17:01:30,612 - INFO - Sample 2000 - Original Summary: Android is not as smooth to develop for, and for the faults Xcode has, it is nicer than Eclipse....
2024-09-09 17:01:30,613 - INFO - Sample 2000 - Generated Summary: Android is not as smooth to develop for, and for the faults Xcode has, it is nicer than Eclipse....
2024-09-09 17:01:30,614 - INFO - Sample 2010 - Original Summary: Are Piloted Shredder and Defender of Argus too slow, or is their board presence worth the cost? 
 Ed...
2024-09-09 17:01:30,614 - INFO - Sample 2010 - Generated Summary: Are Piloted Shredder and Defender of Argus too slow, or is their board presence worth the cost? 
 Ed...
2024-09-09 17:01:30,615 - INFO - Sample 2020 - Original Summary: We work at the movie theater.
We dated three months.
She dumped me because she "no longer liked me."...
2024-09-09 17:01:30,615 - INFO - Sample 2020 - Generated Summary: We work at the movie theater.
We dated three months.
She dumped me because she "no longer liked me."...
2024-09-09 17:01:30,616 - INFO - Sample 2030 - Original Summary: I doubt they're doing it to lure people into the military, they just know of the thousands of people...
2024-09-09 17:01:30,616 - INFO - Sample 2030 - Generated Summary: I doubt they're doing it to lure people into the military, they just know of the thousands of people...
2024-09-09 17:01:30,617 - INFO - Sample 2040 - Original Summary: Had an 8 man party from act 3 normal - act 5 nightmare and relived diablo 2 memories 
 Honorable men...
2024-09-09 17:01:30,617 - INFO - Sample 2040 - Generated Summary: Had an 8 man party from act 3 normal - act 5 nightmare and relived diablo 2 memories 
 Honorable men...
2024-09-09 17:01:30,618 - INFO - Sample 2050 - Original Summary: bank gave me a extra 1,200 then was a dick about it...
2024-09-09 17:01:30,618 - INFO - Sample 2050 - Generated Summary: bank gave me a extra 1,200 then was a dick about it...
2024-09-09 17:01:30,620 - INFO - Sample 2060 - Original Summary: Since keto my running performance has suffered? How fast will this recover?...
2024-09-09 17:01:30,620 - INFO - Sample 2060 - Generated Summary: Since keto my running performance has suffered? How fast will this recover?...
2024-09-09 17:01:30,621 - INFO - Sample 2070 - Original Summary: Sporty women are sexy as hell and the OP is either a troll, Foreveralone or, probably both....
2024-09-09 17:01:30,621 - INFO - Sample 2070 - Generated Summary: Sporty women are sexy as hell and the OP is either a troll, Foreveralone or, probably both....
2024-09-09 17:01:30,622 - INFO - Sample 2080 - Original Summary: shut up....
2024-09-09 17:01:30,622 - INFO - Sample 2080 - Generated Summary: shut up....
2024-09-09 17:01:30,623 - INFO - Sample 2090 - Original Summary: Found an open bank vault and ran away like a little bitch...
2024-09-09 17:01:30,623 - INFO - Sample 2090 - Generated Summary: Found an open bank vault and ran away like a little bitch...
2024-09-09 17:01:30,624 - INFO - Sample 2100 - Original Summary: Decrease your damage output a bit to greatly increase your group's survivability. If you want to run...
2024-09-09 17:01:30,624 - INFO - Sample 2100 - Generated Summary: Decrease your damage output a bit to greatly increase your group's survivability. If you want to run...
2024-09-09 17:01:30,625 - INFO - Sample 2110 - Original Summary: be an adult, and make decisions that are good for your health....
2024-09-09 17:01:30,625 - INFO - Sample 2110 - Generated Summary: be an adult, and make decisions that are good for your health....
2024-09-09 17:01:30,626 - INFO - Sample 2120 - Original Summary: Basketball lost it's flavor. It is all drama queens, and bullshit. They seem to be all pretty wimpy ...
2024-09-09 17:01:30,626 - INFO - Sample 2120 - Generated Summary: Basketball lost it's flavor. It is all drama queens, and bullshit. They seem to be all pretty wimpy ...
2024-09-09 17:01:30,627 - INFO - Sample 2130 - Original Summary: Kids shit bricks sometimes when in contact with ghosts, too....
2024-09-09 17:01:30,627 - INFO - Sample 2130 - Generated Summary: Kids shit bricks sometimes when in contact with ghosts, too....
2024-09-09 17:01:30,628 - INFO - Sample 2140 - Original Summary: I'm sorry, and thank you....
2024-09-09 17:01:30,628 - INFO - Sample 2140 - Generated Summary: I'm sorry, and thank you....
2024-09-09 17:01:30,629 - INFO - Sample 2150 - Original Summary: Being a "bad sport" apparently causes your character to sprout ugly spots/growths/scars on their fac...
2024-09-09 17:01:30,629 - INFO - Sample 2150 - Generated Summary: Being a "bad sport" apparently causes your character to sprout ugly spots/growths/scars on their fac...
2024-09-09 17:01:30,630 - INFO - Sample 2160 - Original Summary: Lewis is a pretty cool guy I think...
2024-09-09 17:01:30,630 - INFO - Sample 2160 - Generated Summary: Lewis is a pretty cool guy I think...
2024-09-09 17:01:30,631 - INFO - Sample 2170 - Original Summary: We do...
2024-09-09 17:01:30,631 - INFO - Sample 2170 - Generated Summary: We do...
2024-09-09 17:01:30,632 - INFO - Sample 2180 - Original Summary: Still viable, but others do his job better....
2024-09-09 17:01:30,632 - INFO - Sample 2180 - Generated Summary: Still viable, but others do his job better....
2024-09-09 17:01:30,633 - INFO - Sample 2190 - Original Summary: I do more web design now than print, is it appropriate to ask for a title change from Graphic Design...
2024-09-09 17:01:30,633 - INFO - Sample 2190 - Generated Summary: I do more web design now than print, is it appropriate to ask for a title change from Graphic Design...
2024-09-09 17:01:30,634 - INFO - Sample 2200 - Original Summary: If you like NPR, pay for it like anything else and it won't need public funding....
2024-09-09 17:01:30,634 - INFO - Sample 2200 - Generated Summary: If you like NPR, pay for it like anything else and it won't need public funding....
2024-09-09 17:01:30,635 - INFO - Sample 2210 - Original Summary: Yes, the team looked like shit last night.  It's fucking week 1, let's hold off on the doomsaying....
2024-09-09 17:01:30,635 - INFO - Sample 2210 - Generated Summary: Yes, the team looked like shit last night.  It's fucking week 1, let's hold off on the doomsaying....
2024-09-09 17:01:30,636 - INFO - Sample 2220 - Original Summary: I'm about to graduate college as an accounting major.  I have no internship, work experience, a 3.0 ...
2024-09-09 17:01:30,636 - INFO - Sample 2220 - Generated Summary: I'm about to graduate college as an accounting major.  I have no internship, work experience, a 3.0 ...
2024-09-09 17:01:30,637 - INFO - Sample 2230 - Original Summary: Read for fun. Don't read books you don't like. If people like books you don't like, that's OK. You c...
2024-09-09 17:01:30,637 - INFO - Sample 2230 - Generated Summary: Read for fun. Don't read books you don't like. If people like books you don't like, that's OK. You c...
2024-09-09 17:01:30,638 - INFO - Sample 2240 - Original Summary: big business and politics strikes again....
2024-09-09 17:01:30,638 - INFO - Sample 2240 - Generated Summary: big business and politics strikes again....
2024-09-09 17:01:30,639 - INFO - Sample 2250 - Original Summary: The guy's a cunt. Need more proof? His shitty little blog has a popup asking people to subscribe....
2024-09-09 17:01:30,639 - INFO - Sample 2250 - Generated Summary: The guy's a cunt. Need more proof? His shitty little blog has a popup asking people to subscribe....
2024-09-09 17:01:30,640 - INFO - Sample 2260 - Original Summary: my mom says I'm handsome :(...
2024-09-09 17:01:30,640 - INFO - Sample 2260 - Generated Summary: my mom says I'm handsome :(...
2024-09-09 17:01:30,641 - INFO - Sample 2270 - Original Summary: I think I'm gonna look into 3 as soon as I get the chance....
2024-09-09 17:01:30,641 - INFO - Sample 2270 - Generated Summary: I think I'm gonna look into 3 as soon as I get the chance....
2024-09-09 17:01:30,642 - INFO - Sample 2280 - Original Summary: It's not just Austin, it's US buses in general and it continues to boggle my mind....
2024-09-09 17:01:30,642 - INFO - Sample 2280 - Generated Summary: It's not just Austin, it's US buses in general and it continues to boggle my mind....
2024-09-09 17:01:30,647 - INFO - Sample 2290 - Original Summary: Little girl with behavioural/conduct problems gets raped by a scum-bag adult and has his child, real...
2024-09-09 17:01:30,647 - INFO - Sample 2290 - Generated Summary: Little girl with behavioural/conduct problems gets raped by a scum-bag adult and has his child, real...
2024-09-09 17:01:30,648 - INFO - Sample 2300 - Original Summary: hit it up with girl at party, got good signs, when asked if she has boyfriend she says yes, but stil...
2024-09-09 17:01:30,648 - INFO - Sample 2300 - Generated Summary: hit it up with girl at party, got good signs, when asked if she has boyfriend she says yes, but stil...
2024-09-09 17:01:30,649 - INFO - Sample 2310 - Original Summary: ver: JET program....
2024-09-09 17:01:30,649 - INFO - Sample 2310 - Generated Summary: ver: JET program....
2024-09-09 17:01:30,654 - INFO - Sample 2320 - Original Summary: University isn't for everyone, don't feel bad about heading off into work if you feel that universit...
2024-09-09 17:01:30,654 - INFO - Sample 2320 - Generated Summary: University isn't for everyone, don't feel bad about heading off into work if you feel that universit...
2024-09-09 17:01:30,656 - INFO - Sample 2330 - Original Summary: Fed psychotropics to an unwitting war veteran who sleeps next to a .50 calibur handgun. What could g...
2024-09-09 17:01:30,656 - INFO - Sample 2330 - Generated Summary: Fed psychotropics to an unwitting war veteran who sleeps next to a .50 calibur handgun. What could g...
Processing original:  78%|███████▊  | 2332/3000 [00:00<00:00, 7701.23it/s]2024-09-09 17:01:30,657 - INFO - Sample 2340 - Original Summary: Guy sending my wife raunchy facebook messages is in a serious committed relationship and loves preac...
2024-09-09 17:01:30,657 - INFO - Sample 2340 - Generated Summary: Guy sending my wife raunchy facebook messages is in a serious committed relationship and loves preac...
2024-09-09 17:01:30,658 - INFO - Sample 2350 - Original Summary: Games can drag on for too long, high learning curve, getting gold takes too long and there is no way...
2024-09-09 17:01:30,658 - INFO - Sample 2350 - Generated Summary: Games can drag on for too long, high learning curve, getting gold takes too long and there is no way...
2024-09-09 17:01:30,660 - INFO - Sample 2360 - Original Summary: Go back and read it. There's seriously too much that I feel is good about Americans to cut it down i...
2024-09-09 17:01:30,660 - INFO - Sample 2360 - Generated Summary: Go back and read it. There's seriously too much that I feel is good about Americans to cut it down i...
2024-09-09 17:01:30,666 - INFO - Sample 2370 - Original Summary: how do I create a custom gallery of images for a powerpoint template without just sticking them all ...
2024-09-09 17:01:30,667 - INFO - Sample 2370 - Generated Summary: how do I create a custom gallery of images for a powerpoint template without just sticking them all ...
2024-09-09 17:01:30,668 - INFO - Sample 2380 - Original Summary: had a one night stand with a normally decent girl, possibly ruined her relationship and got her labe...
2024-09-09 17:01:30,668 - INFO - Sample 2380 - Generated Summary: had a one night stand with a normally decent girl, possibly ruined her relationship and got her labe...
2024-09-09 17:01:30,669 - INFO - Sample 2390 - Original Summary: some landlords are scum and will try to take advantage of you.  Photographs cover your ass. 
 As for...
2024-09-09 17:01:30,669 - INFO - Sample 2390 - Generated Summary: some landlords are scum and will try to take advantage of you.  Photographs cover your ass. 
 As for...
2024-09-09 17:01:30,670 - INFO - Sample 2400 - Original Summary: all I am is a Peter Gibbons - ever since my long-term girlfriend broke up with me, every single day ...
2024-09-09 17:01:30,670 - INFO - Sample 2400 - Generated Summary: all I am is a Peter Gibbons - ever since my long-term girlfriend broke up with me, every single day ...
2024-09-09 17:01:30,671 - INFO - Sample 2410 - Original Summary: So, i think leaving out their own personal book and stories makes for an easier common ground. 
 I a...
2024-09-09 17:01:30,671 - INFO - Sample 2410 - Generated Summary: So, i think leaving out their own personal book and stories makes for an easier common ground. 
 I a...
2024-09-09 17:01:30,671 - INFO - Sample 2420 - Original Summary: FUCK ME...
2024-09-09 17:01:30,672 - INFO - Sample 2420 - Generated Summary: FUCK ME...
2024-09-09 17:01:30,672 - INFO - Sample 2430 - Original Summary: broke up with girlfriend four months ago, but lately she's been on my mind a lot...
2024-09-09 17:01:30,672 - INFO - Sample 2430 - Generated Summary: broke up with girlfriend four months ago, but lately she's been on my mind a lot...
2024-09-09 17:01:30,673 - INFO - Sample 2440 - Original Summary: I miss my bbq chicken and sesame shrimp....
2024-09-09 17:01:30,673 - INFO - Sample 2440 - Generated Summary: I miss my bbq chicken and sesame shrimp....
2024-09-09 17:01:30,674 - INFO - Sample 2450 - Original Summary: Chill, I'm on your side bro, be cool"...
2024-09-09 17:01:30,674 - INFO - Sample 2450 - Generated Summary: Chill, I'm on your side bro, be cool"...
2024-09-09 17:01:30,675 - INFO - Sample 2460 - Original Summary: Magic cards require very specific use of language....
2024-09-09 17:01:30,675 - INFO - Sample 2460 - Generated Summary: Magic cards require very specific use of language....
2024-09-09 17:01:30,676 - INFO - Sample 2470 - Original Summary: version  - unless you are working with accomplished professionals, start small. >3 people is not sma...
2024-09-09 17:01:30,676 - INFO - Sample 2470 - Generated Summary: version  - unless you are working with accomplished professionals, start small. >3 people is not sma...
2024-09-09 17:01:30,677 - INFO - Sample 2480 - Original Summary: Department Chair is an idiot.  Husband and I don't care. :)...
2024-09-09 17:01:30,677 - INFO - Sample 2480 - Generated Summary: Department Chair is an idiot.  Husband and I don't care. :)...
2024-09-09 17:01:30,678 - INFO - Sample 2490 - Original Summary: you are an idiot. 
 Anyways, I'm kinda bored....
2024-09-09 17:01:30,678 - INFO - Sample 2490 - Generated Summary: you are an idiot. 
 Anyways, I'm kinda bored....
2024-09-09 17:01:30,679 - INFO - Sample 2500 - Original Summary: my data analysis group needs a new name...
2024-09-09 17:01:30,679 - INFO - Sample 2500 - Generated Summary: my data analysis group needs a new name...
2024-09-09 17:01:30,680 - INFO - Sample 2510 - Original Summary: Sharp pubes + lots of sex + sex induced high pain tolerance = hole in dick and permanent scar...
2024-09-09 17:01:30,680 - INFO - Sample 2510 - Generated Summary: Sharp pubes + lots of sex + sex induced high pain tolerance = hole in dick and permanent scar...
2024-09-09 17:01:30,681 - INFO - Sample 2520 - Original Summary: I'm not a hippie, I just know I can't afford a new  car even though I'm in a good year right now....
2024-09-09 17:01:30,681 - INFO - Sample 2520 - Generated Summary: I'm not a hippie, I just know I can't afford a new  car even though I'm in a good year right now....
2024-09-09 17:01:30,682 - INFO - Sample 2530 - Original Summary: sound wizards n' shit...
2024-09-09 17:01:30,682 - INFO - Sample 2530 - Generated Summary: sound wizards n' shit...
2024-09-09 17:01:30,683 - INFO - Sample 2540 - Original Summary: Some of the Chinese tourists "rude" behavior can be accounted for the fact that the same behavior is...
2024-09-09 17:01:30,683 - INFO - Sample 2540 - Generated Summary: Some of the Chinese tourists "rude" behavior can be accounted for the fact that the same behavior is...
2024-09-09 17:01:30,684 - INFO - Sample 2550 - Original Summary: Test drive, test drive, test drive....
2024-09-09 17:01:30,684 - INFO - Sample 2550 - Generated Summary: Test drive, test drive, test drive....
2024-09-09 17:01:30,685 - INFO - Sample 2560 - Original Summary: Tissue Engineering is hard. We're getting there slowly, but it'll take some time 
 Source: Scientist...
2024-09-09 17:01:30,685 - INFO - Sample 2560 - Generated Summary: Tissue Engineering is hard. We're getting there slowly, but it'll take some time 
 Source: Scientist...
2024-09-09 17:01:30,686 - INFO - Sample 2570 - Original Summary: Met a girl online recently, she seems pretty awesome. She wants to visit, but she lives far away so ...
2024-09-09 17:01:30,686 - INFO - Sample 2570 - Generated Summary: Met a girl online recently, she seems pretty awesome. She wants to visit, but she lives far away so ...
2024-09-09 17:01:30,687 - INFO - Sample 2580 - Original Summary: I love my boyfriend! <3 :D...
2024-09-09 17:01:30,687 - INFO - Sample 2580 - Generated Summary: I love my boyfriend! <3 :D...
2024-09-09 17:01:30,688 - INFO - Sample 2590 - Original Summary: grow up man....
2024-09-09 17:01:30,688 - INFO - Sample 2590 - Generated Summary: grow up man....
2024-09-09 17:01:30,689 - INFO - Sample 2600 - Original Summary: should have kicked down a door and saved my a friends' life...
2024-09-09 17:01:30,689 - INFO - Sample 2600 - Generated Summary: should have kicked down a door and saved my a friends' life...
2024-09-09 17:01:30,690 - INFO - Sample 2610 - Original Summary: It is intense, there is little room for falling behind....
2024-09-09 17:01:30,690 - INFO - Sample 2610 - Generated Summary: It is intense, there is little room for falling behind....
2024-09-09 17:01:30,691 - INFO - Sample 2620 - Original Summary: As far as I know, he hasn't broken anything here and I like what he's done for bikers, which is the ...
2024-09-09 17:01:30,691 - INFO - Sample 2620 - Generated Summary: As far as I know, he hasn't broken anything here and I like what he's done for bikers, which is the ...
2024-09-09 17:01:30,696 - INFO - Sample 2630 - Original Summary: take this advice....
2024-09-09 17:01:30,696 - INFO - Sample 2630 - Generated Summary: take this advice....
2024-09-09 17:01:30,697 - INFO - Sample 2640 - Original Summary: I tell bad stories......
2024-09-09 17:01:30,697 - INFO - Sample 2640 - Generated Summary: I tell bad stories......
2024-09-09 17:01:30,701 - INFO - Sample 2650 - Original Summary: What the hell can you do when we all know there is torture going on at Guantanamo and at least half ...
2024-09-09 17:01:30,701 - INFO - Sample 2650 - Generated Summary: What the hell can you do when we all know there is torture going on at Guantanamo and at least half ...
2024-09-09 17:01:30,703 - INFO - Sample 2660 - Original Summary: CasualIAmA formed as a one-stop end-all subreddit for anything that doesn't qualify at IAmA....
2024-09-09 17:01:30,703 - INFO - Sample 2660 - Generated Summary: CasualIAmA formed as a one-stop end-all subreddit for anything that doesn't qualify at IAmA....
2024-09-09 17:01:30,704 - INFO - Sample 2670 - Original Summary: He didn't care to put effort into saving our relationship, so I broke up with him because I'm not de...
2024-09-09 17:01:30,704 - INFO - Sample 2670 - Generated Summary: He didn't care to put effort into saving our relationship, so I broke up with him because I'm not de...
2024-09-09 17:01:30,705 - INFO - Sample 2680 - Original Summary: I'm suddenly craving beef jerkey....
2024-09-09 17:01:30,705 - INFO - Sample 2680 - Generated Summary: I'm suddenly craving beef jerkey....
2024-09-09 17:01:30,706 - INFO - Sample 2690 - Original Summary: 100 ping doesn't matter much. 200+ does to a small extent. 
 EDIT: I also see Canadians with low pin...
2024-09-09 17:01:30,706 - INFO - Sample 2690 - Generated Summary: 100 ping doesn't matter much. 200+ does to a small extent. 
 EDIT: I also see Canadians with low pin...
2024-09-09 17:01:30,708 - INFO - Sample 2700 - Original Summary: Wife reads my texts.  I'm pissed.  How can I get her to see what she is doing is wrong....
2024-09-09 17:01:30,708 - INFO - Sample 2700 - Generated Summary: Wife reads my texts.  I'm pissed.  How can I get her to see what she is doing is wrong....
2024-09-09 17:01:30,709 - INFO - Sample 2710 - Original Summary: Microsoft has killed the dolphin in order to ride it...
2024-09-09 17:01:30,709 - INFO - Sample 2710 - Generated Summary: Microsoft has killed the dolphin in order to ride it...
2024-09-09 17:01:30,710 - INFO - Sample 2720 - Original Summary: Part acting, part storytelling, part strategy....
2024-09-09 17:01:30,710 - INFO - Sample 2720 - Generated Summary: Part acting, part storytelling, part strategy....
2024-09-09 17:01:30,711 - INFO - Sample 2730 - Original Summary: Asked out a guy without a set time... now we're not speaking....
2024-09-09 17:01:30,712 - INFO - Sample 2730 - Generated Summary: Asked out a guy without a set time... now we're not speaking....
2024-09-09 17:01:30,713 - INFO - Sample 2740 - Original Summary: Kevins older sister passes away leaving Kevin 50k for school managed by older sister Martha. Martha ...
2024-09-09 17:01:30,713 - INFO - Sample 2740 - Generated Summary: Kevins older sister passes away leaving Kevin 50k for school managed by older sister Martha. Martha ...
2024-09-09 17:01:30,714 - INFO - Sample 2750 - Original Summary: X3 sectors are self-contained toruses...
2024-09-09 17:01:30,714 - INFO - Sample 2750 - Generated Summary: X3 sectors are self-contained toruses...
2024-09-09 17:01:30,715 - INFO - Sample 2760 - Original Summary: this kind of topics is what makes reddit go full derp......
2024-09-09 17:01:30,715 - INFO - Sample 2760 - Generated Summary: this kind of topics is what makes reddit go full derp......
2024-09-09 17:01:30,716 - INFO - Sample 2770 - Original Summary: you're wrong brah....
2024-09-09 17:01:30,716 - INFO - Sample 2770 - Generated Summary: you're wrong brah....
2024-09-09 17:01:30,717 - INFO - Sample 2780 - Original Summary: People who don't program or ideas on how programmers work shouldn't compain about something they the...
2024-09-09 17:01:30,717 - INFO - Sample 2780 - Generated Summary: People who don't program or ideas on how programmers work shouldn't compain about something they the...
2024-09-09 17:01:30,718 - INFO - Sample 2790 - Original Summary: Little sister is essentially homeless, wants to move in with me. How do I do this correctly?...
2024-09-09 17:01:30,718 - INFO - Sample 2790 - Generated Summary: Little sister is essentially homeless, wants to move in with me. How do I do this correctly?...
2024-09-09 17:01:30,719 - INFO - Sample 2800 - Original Summary: 3-stone total carat weight will save you money over a solitaire of the same combined weight.  You ha...
2024-09-09 17:01:30,719 - INFO - Sample 2800 - Generated Summary: 3-stone total carat weight will save you money over a solitaire of the same combined weight.  You ha...
2024-09-09 17:01:30,720 - INFO - Sample 2810 - Original Summary: Find something rare or expect to not make a profit on professions....
2024-09-09 17:01:30,721 - INFO - Sample 2810 - Generated Summary: Find something rare or expect to not make a profit on professions....
2024-09-09 17:01:30,721 - INFO - Sample 2820 - Original Summary: keeping up with friends from the deep past becomes moot as time marches on....
2024-09-09 17:01:30,722 - INFO - Sample 2820 - Generated Summary: keeping up with friends from the deep past becomes moot as time marches on....
2024-09-09 17:01:30,723 - INFO - Sample 2830 - Original Summary: I see your point, but it depends on the knowledge level of the caster. I would trust Jatt/Phreak/Dan...
2024-09-09 17:01:30,723 - INFO - Sample 2830 - Generated Summary: I see your point, but it depends on the knowledge level of the caster. I would trust Jatt/Phreak/Dan...
2024-09-09 17:01:30,724 - INFO - Sample 2840 - Original Summary: partner has stressful job. His BMI has plummeted to 17. Can't even ride a bike, I feel like he's goi...
2024-09-09 17:01:30,724 - INFO - Sample 2840 - Generated Summary: partner has stressful job. His BMI has plummeted to 17. Can't even ride a bike, I feel like he's goi...
2024-09-09 17:01:30,725 - INFO - Sample 2850 - Original Summary: you've got maybe 25-30 seconds at max....
2024-09-09 17:01:30,725 - INFO - Sample 2850 - Generated Summary: you've got maybe 25-30 seconds at max....
2024-09-09 17:01:30,726 - INFO - Sample 2860 - Original Summary: racist consumers cause themselves more hardship than producers.  racist producers cause more hardshi...
2024-09-09 17:01:30,726 - INFO - Sample 2860 - Generated Summary: racist consumers cause themselves more hardship than producers.  racist producers cause more hardshi...
2024-09-09 17:01:30,727 - INFO - Sample 2870 - Original Summary: 38.7 mins...
2024-09-09 17:01:30,727 - INFO - Sample 2870 - Generated Summary: 38.7 mins...
2024-09-09 17:01:30,728 - INFO - Sample 2880 - Original Summary: What if elections had an upvote and a downvote?  It would make two party systems almost impossible a...
2024-09-09 17:01:30,728 - INFO - Sample 2880 - Generated Summary: What if elections had an upvote and a downvote?  It would make two party systems almost impossible a...
2024-09-09 17:01:30,729 - INFO - Sample 2890 - Original Summary: There is nothing that carries enough value coming out of 4chan that is worth the reputation hit /r/M...
2024-09-09 17:01:30,729 - INFO - Sample 2890 - Generated Summary: There is nothing that carries enough value coming out of 4chan that is worth the reputation hit /r/M...
2024-09-09 17:01:30,730 - INFO - Sample 2900 - Original Summary: guy dug around for veins while donating, messed up both my arms, haven't been back since....
2024-09-09 17:01:30,730 - INFO - Sample 2900 - Generated Summary: guy dug around for veins while donating, messed up both my arms, haven't been back since....
2024-09-09 17:01:30,731 - INFO - Sample 2910 - Original Summary: We all want things....
2024-09-09 17:01:30,731 - INFO - Sample 2910 - Generated Summary: We all want things....
2024-09-09 17:01:30,732 - INFO - Sample 2920 - Original Summary: I used to be good at school but I stopped giving a shit and now I'm in college and am fucked....
2024-09-09 17:01:30,732 - INFO - Sample 2920 - Generated Summary: I used to be good at school but I stopped giving a shit and now I'm in college and am fucked....
2024-09-09 17:01:30,733 - INFO - Sample 2930 - Original Summary: donations need to be taken with a grain of salt, especially at one's own business, money is being sp...
2024-09-09 17:01:30,733 - INFO - Sample 2930 - Generated Summary: donations need to be taken with a grain of salt, especially at one's own business, money is being sp...
2024-09-09 17:01:30,734 - INFO - Sample 2940 - Original Summary: What do you do when you have nothing to build from? How do you stick to an answer for a real life wi...
2024-09-09 17:01:30,735 - INFO - Sample 2940 - Generated Summary: What do you do when you have nothing to build from? How do you stick to an answer for a real life wi...
2024-09-09 17:01:30,735 - INFO - Sample 2950 - Original Summary: This is brain-rot. This is garbage. Save the American public. Stop reading this bullshit. 
 *edit: "...
2024-09-09 17:01:30,736 - INFO - Sample 2950 - Generated Summary: This is brain-rot. This is garbage. Save the American public. Stop reading this bullshit. 
 *edit: "...
2024-09-09 17:01:30,737 - INFO - Sample 2960 - Original Summary: met some new friends who have a lot in common, but don't want my boyfriend getting jealous or hurt....
2024-09-09 17:01:30,737 - INFO - Sample 2960 - Generated Summary: met some new friends who have a lot in common, but don't want my boyfriend getting jealous or hurt....
2024-09-09 17:01:30,739 - INFO - Sample 2970 - Original Summary: I agree that a market should be free - mostly. I agree that people are selfish and that greed and co...
2024-09-09 17:01:30,739 - INFO - Sample 2970 - Generated Summary: I agree that a market should be free - mostly. I agree that people are selfish and that greed and co...
2024-09-09 17:01:30,740 - INFO - Sample 2980 - Original Summary: The Chargers SHOULD move to LA this year to block another team moving there, or else be forced to mo...
2024-09-09 17:01:30,740 - INFO - Sample 2980 - Generated Summary: The Chargers SHOULD move to LA this year to block another team moving there, or else be forced to mo...
2024-09-09 17:01:30,741 - INFO - Sample 2990 - Original Summary: the little fella is so shocked at what happens he just won't die....
2024-09-09 17:01:30,741 - INFO - Sample 2990 - Generated Summary: the little fella is so shocked at what happens he just won't die....
Processing original: 100%|██████████| 3000/3000 [00:00<00:00, 7707.18it/s]
2024-09-09 17:01:30,885 - INFO - Evaluating toxicity for model: original
2024-09-09 17:01:59,647 - INFO - Evaluating faithfulness for model: original
2024-09-09 17:07:26,968 - INFO - Results for original saved to original_results.csv
2024-09-09 17:07:26,969 - INFO - Evaluation complete. Results saved to CSV file.
