Collecting flash-attn
  Using cached flash_attn-2.6.3-cp310-cp310-linux_x86_64.whl
Requirement already satisfied: torch in /u/busekorkmaz/.conda/envs/fms_at_work/lib/python3.10/site-packages (from flash-attn) (2.3.1)
Collecting einops (from flash-attn)
  Using cached einops-0.8.0-py3-none-any.whl.metadata (12 kB)
Requirement already satisfied: filelock in /u/busekorkmaz/.conda/envs/fms_at_work/lib/python3.10/site-packages (from torch->flash-attn) (3.15.1)
Requirement already satisfied: typing-extensions>=4.8.0 in /u/busekorkmaz/.conda/envs/fms_at_work/lib/python3.10/site-packages (from torch->flash-attn) (4.12.2)
Requirement already satisfied: sympy in /u/busekorkmaz/.conda/envs/fms_at_work/lib/python3.10/site-packages (from torch->flash-attn) (1.12.1)
Requirement already satisfied: networkx in /u/busekorkmaz/.conda/envs/fms_at_work/lib/python3.10/site-packages (from torch->flash-attn) (3.3)
Requirement already satisfied: jinja2 in /u/busekorkmaz/.conda/envs/fms_at_work/lib/python3.10/site-packages (from torch->flash-attn) (3.1.4)
Requirement already satisfied: fsspec in /u/busekorkmaz/.conda/envs/fms_at_work/lib/python3.10/site-packages (from torch->flash-attn) (2024.5.0)
Requirement already satisfied: nvidia-cuda-nvrtc-cu12==12.1.105 in /u/busekorkmaz/.conda/envs/fms_at_work/lib/python3.10/site-packages (from torch->flash-attn) (12.1.105)
Requirement already satisfied: nvidia-cuda-runtime-cu12==12.1.105 in /u/busekorkmaz/.conda/envs/fms_at_work/lib/python3.10/site-packages (from torch->flash-attn) (12.1.105)
Requirement already satisfied: nvidia-cuda-cupti-cu12==12.1.105 in /u/busekorkmaz/.conda/envs/fms_at_work/lib/python3.10/site-packages (from torch->flash-attn) (12.1.105)
Requirement already satisfied: nvidia-cudnn-cu12==8.9.2.26 in /u/busekorkmaz/.conda/envs/fms_at_work/lib/python3.10/site-packages (from torch->flash-attn) (8.9.2.26)
Requirement already satisfied: nvidia-cublas-cu12==12.1.3.1 in /u/busekorkmaz/.conda/envs/fms_at_work/lib/python3.10/site-packages (from torch->flash-attn) (12.1.3.1)
Requirement already satisfied: nvidia-cufft-cu12==11.0.2.54 in /u/busekorkmaz/.conda/envs/fms_at_work/lib/python3.10/site-packages (from torch->flash-attn) (11.0.2.54)
Requirement already satisfied: nvidia-curand-cu12==10.3.2.106 in /u/busekorkmaz/.conda/envs/fms_at_work/lib/python3.10/site-packages (from torch->flash-attn) (10.3.2.106)
Requirement already satisfied: nvidia-cusolver-cu12==11.4.5.107 in /u/busekorkmaz/.conda/envs/fms_at_work/lib/python3.10/site-packages (from torch->flash-attn) (11.4.5.107)
Requirement already satisfied: nvidia-cusparse-cu12==12.1.0.106 in /u/busekorkmaz/.conda/envs/fms_at_work/lib/python3.10/site-packages (from torch->flash-attn) (12.1.0.106)
Requirement already satisfied: nvidia-nccl-cu12==2.20.5 in /u/busekorkmaz/.conda/envs/fms_at_work/lib/python3.10/site-packages (from torch->flash-attn) (2.20.5)
Requirement already satisfied: nvidia-nvtx-cu12==12.1.105 in /u/busekorkmaz/.conda/envs/fms_at_work/lib/python3.10/site-packages (from torch->flash-attn) (12.1.105)
Requirement already satisfied: triton==2.3.1 in /u/busekorkmaz/.conda/envs/fms_at_work/lib/python3.10/site-packages (from torch->flash-attn) (2.3.1)
Requirement already satisfied: nvidia-nvjitlink-cu12 in /u/busekorkmaz/.conda/envs/fms_at_work/lib/python3.10/site-packages (from nvidia-cusolver-cu12==11.4.5.107->torch->flash-attn) (12.5.40)
Requirement already satisfied: MarkupSafe>=2.0 in /u/busekorkmaz/.conda/envs/fms_at_work/lib/python3.10/site-packages (from jinja2->torch->flash-attn) (2.1.5)
Requirement already satisfied: mpmath<1.4.0,>=1.1.0 in /u/busekorkmaz/.conda/envs/fms_at_work/lib/python3.10/site-packages (from sympy->torch->flash-attn) (1.3.0)
Using cached einops-0.8.0-py3-none-any.whl (43 kB)
Installing collected packages: einops, flash-attn
Successfully installed einops-0.8.0 flash-attn-2.6.3

------------------------------------------------------------
Sender: LSF System <lsfadmin@cccxc549.pok.ibm.com>
Subject: Job 249537: <pip install flash-attn> in cluster <cccCluster> Done

Job <pip install flash-attn> was submitted from host <cccxl011> by user <busekorkmaz> in cluster <cccCluster> at Mon Sep 23 06:57:51 2024
Job was executed on host(s) <4*cccxc549>, in queue <x86_1h>, as user <busekorkmaz> in cluster <cccCluster> at Mon Sep 23 07:00:09 2024
</u/busekorkmaz> was used as the home directory.
</dccstor/autofair/busekorkmaz/factual-bias-mitigation> was used as the working directory.
Started at Mon Sep 23 07:00:09 2024
Terminated at Mon Sep 23 07:02:44 2024
Results reported at Mon Sep 23 07:02:44 2024

Your job looked like:

------------------------------------------------------------
# LSBATCH: User input
pip install flash-attn
------------------------------------------------------------

Successfully completed.

Resource usage summary:

    CPU time :                                   37.59 sec.
    Max Memory :                                 56 MB
    Average Memory :                             36.80 MB
    Total Requested Memory :                     45056.00 MB
    Delta Memory :                               45000.00 MB
    Max Swap :                                   -
    Max Processes :                              3
    Max Threads :                                4
    Run time :                                   10 sec.
    Turnaround time :                            293 sec.

The output (if any) is above this job summary.



PS:

Read file </dccstor/autofair/busekorkmaz/factual-bias-mitigation/scripts/summarization/output/logs/train/install_flash_attn/error.log> for stderr output of this job.

