IndexError in SummaC for source: Every boss has crit damage, find it. Shoot it. Red... and target: ...
IndexError in SummaC for source: there should be no disconnect between your League ... and target: ...
IndexError in SummaC for source: There have been exactly 10 cases of voter ID fraud... and target: ...
IndexError in SummaC for source: your cat wants in to check up on that part of her ... and target: ...
IndexError in SummaC for source: don't expect to get a dollar out for each dollar i... and target: ...
IndexError in SummaC for source: This community is small compared to others, but it... and target: ...

------------------------------------------------------------
Sender: LSF System <lsfadmin@cccxc447.pok.ibm.com>
Subject: Job 7945: <python /dccstor/autofair/busekorkmaz/factual-bias-mitigation/scripts/summarization/evaluate.py --model_name instructive_debiasing-phi2> in cluster <cccCluster> Done

Job <python /dccstor/autofair/busekorkmaz/factual-bias-mitigation/scripts/summarization/evaluate.py --model_name instructive_debiasing-phi2> was submitted from host <cccxl012> by user <busekorkmaz> in cluster <cccCluster> at Mon Sep  9 17:38:06 2024
Job was executed on host(s) <4*cccxc447>, in queue <x86_6h>, as user <busekorkmaz> in cluster <cccCluster> at Mon Sep  9 17:38:08 2024
</u/busekorkmaz> was used as the home directory.
</dccstor/autofair/busekorkmaz/factual-bias-mitigation> was used as the working directory.
Started at Mon Sep  9 17:38:08 2024
Terminated at Mon Sep  9 20:22:16 2024
Results reported at Mon Sep  9 20:22:16 2024

Your job looked like:

------------------------------------------------------------
# LSBATCH: User input
python /dccstor/autofair/busekorkmaz/factual-bias-mitigation/scripts/summarization/evaluate.py --model_name instructive_debiasing-phi2
------------------------------------------------------------

Successfully completed.

Resource usage summary:

    CPU time :                                   9795.21 sec.
    Max Memory :                                 11135 MB
    Average Memory :                             899.11 MB
    Total Requested Memory :                     45056.00 MB
    Delta Memory :                               33921.00 MB
    Max Swap :                                   -
    Max Processes :                              3
    Max Threads :                                23
    Run time :                                   9853 sec.
    Turnaround time :                            9850 sec.

The output (if any) is above this job summary.



PS:

Read file </dccstor/autofair/busekorkmaz/factual-bias-mitigation/scripts/summarization/output/logs/instructive_debiasing-phi2/error.log> for stderr output of this job.

